#
# There is insufficient memory for the Java Runtime Environment to continue.
# Native memory allocation (malloc) failed to allocate 743968 bytes for Chunk::new
# Possible reasons:
#   The system is out of physical RAM or swap space
#   The process is running with CompressedOops enabled, and the Java Heap may be blocking the growth of the native heap
# Possible solutions:
#   Reduce memory load on the system
#   Increase physical memory or swap space
#   Check if swap backing store is full
#   Decrease Java heap size (-Xmx/-Xms)
#   Decrease number of Java threads
#   Decrease Java thread stack sizes (-Xss)
#   Set larger code cache with -XX:ReservedCodeCacheSize=
#   JVM is running with Unscaled Compressed Oops mode in which the Java heap is
#     placed in the first 4GB address space. The Java Heap base address is the
#     maximum limit for the native heap growth. Please use -XX:HeapBaseMinAddress
#     to set the Java Heap base and to place the Java Heap above 4GB virtual address.
# This output file may be truncated or incomplete.
#
#  Out of Memory Error (arena.cpp:189), pid=16612, tid=7288
#
# JRE version: OpenJDK Runtime Environment Zulu17.44+53-CA (17.0.8.1+1) (build 17.0.8.1+1-LTS)
# Java VM: OpenJDK 64-Bit Server VM Zulu17.44+53-CA (17.0.8.1+1-LTS, mixed mode, sharing, tiered, compressed oops, compressed class ptrs, g1 gc, windows-amd64)
# No core dump will be written. Minidumps are not enabled by default on client versions of Windows
#

---------------  S U M M A R Y ------------

Command Line: --enable-native-access=ALL-UNNAMED -Dclassworlds.conf=C:\Program Files\apache-maven-3.9.11\bin\m2.conf -Dmaven.home=C:\Program Files\apache-maven-3.9.11 -Dlibrary.jansi.path=C:\Program Files\apache-maven-3.9.11\lib\jansi-native -Dmaven.multiModuleProjectDirectory=c:\Danilo\projetos\escritorio_advocacia\advocacia-danilo-atualizado\backend org.codehaus.plexus.classworlds.launcher.Launcher -q help:effective-pom -Doutput=c:\Danilo\projetos\escritorio_advocacia\advocacia-danilo-atualizado\backend\effective-pom.xml

Host: 11th Gen Intel(R) Core(TM) i3-1115G4 @ 3.00GHz, 4 cores, 3G,  Windows 11 , 64 bit Build 26100 (10.0.26100.4768)
Time: Fri Aug  1 18:36:08 2025 Hora oficial do Brasil elapsed time: 8.988713 seconds (0d 0h 0m 8s)

---------------  T H R E A D  ---------------

Current thread (0x000001c52cd048a0):  JavaThread "C2 CompilerThread0" daemon [_thread_in_native, id=7288, stack(0x00000079fd400000,0x00000079fd500000)]


Current CompileTask:
C2:   8989 2600   !   4       java.net.URL::<init> (543 bytes)

Stack: [0x00000079fd400000,0x00000079fd500000]
Native frames: (J=compiled Java code, j=interpreted, Vv=VM code, C=native code)
V  [jvm.dll+0x67e01a]
V  [jvm.dll+0x83bc64]
V  [jvm.dll+0x83d40e]
V  [jvm.dll+0x83da73]
V  [jvm.dll+0x24b18f]
V  [jvm.dll+0xac3ac]
V  [jvm.dll+0xac97c]
V  [jvm.dll+0x36a1d7]
V  [jvm.dll+0x333cf1]
V  [jvm.dll+0x33319a]
V  [jvm.dll+0x21a141]
V  [jvm.dll+0x219561]
V  [jvm.dll+0x1a576d]
V  [jvm.dll+0x229259]
V  [jvm.dll+0x22729c]
V  [jvm.dll+0x7f195c]
V  [jvm.dll+0x7ebd7a]
V  [jvm.dll+0x67cf15]
C  [ucrtbase.dll+0x37b0]
C  [KERNEL32.DLL+0x2e8d7]
C  [ntdll.dll+0x3c34c]


---------------  P R O C E S S  ---------------

Threads class SMR info:
_java_thread_list=0x000001c5723d32a0, length=12, elements={
0x000001c5118c1bf0, 0x000001c52cce7020, 0x000001c52cce8760, 0x000001c52ccffe60,
0x000001c52cd00740, 0x000001c52cd01110, 0x000001c52cd01ae0, 0x000001c52cd048a0,
0x000001c52cd0b480, 0x000001c52cd87a70, 0x000001c57209e520, 0x000001c5720a9aa0
}

Java Threads: ( => current thread )
  0x000001c5118c1bf0 JavaThread "main" [_thread_in_vm, id=4576, stack(0x00000079fc700000,0x00000079fc800000)]
  0x000001c52cce7020 JavaThread "Reference Handler" daemon [_thread_blocked, id=14896, stack(0x00000079fce00000,0x00000079fcf00000)]
  0x000001c52cce8760 JavaThread "Finalizer" daemon [_thread_blocked, id=19412, stack(0x00000079fcf00000,0x00000079fd000000)]
  0x000001c52ccffe60 JavaThread "Signal Dispatcher" daemon [_thread_blocked, id=21340, stack(0x00000079fd000000,0x00000079fd100000)]
  0x000001c52cd00740 JavaThread "Attach Listener" daemon [_thread_blocked, id=4864, stack(0x00000079fd100000,0x00000079fd200000)]
  0x000001c52cd01110 JavaThread "Service Thread" daemon [_thread_blocked, id=2564, stack(0x00000079fd200000,0x00000079fd300000)]
  0x000001c52cd01ae0 JavaThread "Monitor Deflation Thread" daemon [_thread_blocked, id=7144, stack(0x00000079fd300000,0x00000079fd400000)]
=>0x000001c52cd048a0 JavaThread "C2 CompilerThread0" daemon [_thread_in_native, id=7288, stack(0x00000079fd400000,0x00000079fd500000)]
  0x000001c52cd0b480 JavaThread "C1 CompilerThread0" daemon [_thread_in_native, id=19432, stack(0x00000079fd500000,0x00000079fd600000)]
  0x000001c52cd87a70 JavaThread "Sweeper thread" daemon [_thread_blocked, id=4204, stack(0x00000079fd600000,0x00000079fd700000)]
  0x000001c57209e520 JavaThread "Notification Thread" daemon [_thread_blocked, id=18352, stack(0x00000079fd700000,0x00000079fd800000)]
  0x000001c5720a9aa0 JavaThread "Common-Cleaner" daemon [_thread_blocked, id=14360, stack(0x00000079fd900000,0x00000079fda00000)]

Other Threads:
  0x000001c52cce3a00 VMThread "VM Thread" [stack: 0x00000079fcd00000,0x00000079fce00000] [id=21344]
  0x000001c57209ee20 WatcherThread [stack: 0x00000079fd800000,0x00000079fd900000] [id=21708]
  0x000001c5118fd0f0 GCTaskThread "GC Thread#0" [stack: 0x00000079fc800000,0x00000079fc900000] [id=19028]
  0x000001c572b18ab0 GCTaskThread "GC Thread#1" [stack: 0x00000079fda00000,0x00000079fdb00000] [id=22060]
  0x000001c572aa1400 GCTaskThread "GC Thread#2" [stack: 0x00000079fdb00000,0x00000079fdc00000] [id=17512]
  0x000001c572dc02f0 GCTaskThread "GC Thread#3" [stack: 0x00000079fdc00000,0x00000079fdd00000] [id=22332]
  0x000001c511906730 ConcurrentGCThread "G1 Main Marker" [stack: 0x00000079fc900000,0x00000079fca00000] [id=19024]
  0x000001c5119078f0 ConcurrentGCThread "G1 Conc#0" [stack: 0x00000079fca00000,0x00000079fcb00000] [id=17236]
  0x000001c511950940 ConcurrentGCThread "G1 Refine#0" [stack: 0x00000079fcb00000,0x00000079fcc00000] [id=5840]
  0x000001c511952230 ConcurrentGCThread "G1 Service" [stack: 0x00000079fcc00000,0x00000079fcd00000] [id=17956]

Threads with active compile tasks:
C2 CompilerThread0     9065 2600   !   4       java.net.URL::<init> (543 bytes)

VM state: not at safepoint (normal execution)

VM Mutex/Monitor currently owned by a thread: None

Heap address: 0x00000000c3600000, size: 970 MB, Compressed Oops mode: 32-bit

CDS archive(s) mapped at: [0x000001c52d000000-0x000001c52dc00000-0x000001c52dc00000), size 12582912, SharedBaseAddress: 0x000001c52d000000, ArchiveRelocationMode: 1.
Compressed class space mapped at: 0x000001c52e000000-0x000001c56e000000, reserved size: 1073741824
Narrow klass base: 0x000001c52d000000, Narrow klass shift: 0, Narrow klass range: 0x100000000

GC Precious Log:
 CPUs: 4 total, 4 available
 Memory: 3875M
 Large Page Support: Disabled
 NUMA Support: Disabled
 Compressed Oops: Enabled (32-bit)
 Heap Region Size: 1M
 Heap Min Capacity: 8M
 Heap Initial Capacity: 62M
 Heap Max Capacity: 970M
 Pre-touch: Disabled
 Parallel Workers: 4
 Concurrent Workers: 1
 Concurrent Refinement Workers: 4
 Periodic GC: Disabled

Heap:
 garbage-first heap   total 63488K, used 29303K [0x00000000c3600000, 0x0000000100000000)
  region size 1024K, 27 young (27648K), 2 survivors (2048K)
 Metaspace       used 14187K, committed 14336K, reserved 1114112K
  class space    used 1738K, committed 1792K, reserved 1048576K

Heap Regions: E=young(eden), S=young(survivor), O=old, HS=humongous(starts), HC=humongous(continues), CS=collection set, F=free, OA=open archive, CA=closed archive, TAMS=top-at-mark-start (previous, next)
|   0|0x00000000c3600000, 0x00000000c3700000, 0x00000000c3700000|100%| O|  |TAMS 0x00000000c3600000, 0x00000000c3600000| Untracked 
|   1|0x00000000c3700000, 0x00000000c3800000, 0x00000000c3800000|100%| O|  |TAMS 0x00000000c3700000, 0x00000000c3700000| Untracked 
|   2|0x00000000c3800000, 0x00000000c3900000, 0x00000000c3900000|100%| O|  |TAMS 0x00000000c3800000, 0x00000000c3800000| Untracked 
|   3|0x00000000c3900000, 0x00000000c391b800, 0x00000000c3a00000| 10%| O|  |TAMS 0x00000000c3900000, 0x00000000c3900000| Untracked 
|   4|0x00000000c3a00000, 0x00000000c3a00000, 0x00000000c3b00000|  0%| F|  |TAMS 0x00000000c3a00000, 0x00000000c3a00000| Untracked 
|   5|0x00000000c3b00000, 0x00000000c3b00000, 0x00000000c3c00000|  0%| F|  |TAMS 0x00000000c3b00000, 0x00000000c3b00000| Untracked 
|   6|0x00000000c3c00000, 0x00000000c3c00000, 0x00000000c3d00000|  0%| F|  |TAMS 0x00000000c3c00000, 0x00000000c3c00000| Untracked 
|   7|0x00000000c3d00000, 0x00000000c3d00000, 0x00000000c3e00000|  0%| F|  |TAMS 0x00000000c3d00000, 0x00000000c3d00000| Untracked 
|   8|0x00000000c3e00000, 0x00000000c3e00000, 0x00000000c3f00000|  0%| F|  |TAMS 0x00000000c3e00000, 0x00000000c3e00000| Untracked 
|   9|0x00000000c3f00000, 0x00000000c3f00000, 0x00000000c4000000|  0%| F|  |TAMS 0x00000000c3f00000, 0x00000000c3f00000| Untracked 
|  10|0x00000000c4000000, 0x00000000c4000000, 0x00000000c4100000|  0%| F|  |TAMS 0x00000000c4000000, 0x00000000c4000000| Untracked 
|  11|0x00000000c4100000, 0x00000000c4100000, 0x00000000c4200000|  0%| F|  |TAMS 0x00000000c4100000, 0x00000000c4100000| Untracked 
|  12|0x00000000c4200000, 0x00000000c4200000, 0x00000000c4300000|  0%| F|  |TAMS 0x00000000c4200000, 0x00000000c4200000| Untracked 
|  13|0x00000000c4300000, 0x00000000c4300000, 0x00000000c4400000|  0%| F|  |TAMS 0x00000000c4300000, 0x00000000c4300000| Untracked 
|  14|0x00000000c4400000, 0x00000000c4400000, 0x00000000c4500000|  0%| F|  |TAMS 0x00000000c4400000, 0x00000000c4400000| Untracked 
|  15|0x00000000c4500000, 0x00000000c4500000, 0x00000000c4600000|  0%| F|  |TAMS 0x00000000c4500000, 0x00000000c4500000| Untracked 
|  16|0x00000000c4600000, 0x00000000c4600000, 0x00000000c4700000|  0%| F|  |TAMS 0x00000000c4600000, 0x00000000c4600000| Untracked 
|  17|0x00000000c4700000, 0x00000000c4700000, 0x00000000c4800000|  0%| F|  |TAMS 0x00000000c4700000, 0x00000000c4700000| Untracked 
|  18|0x00000000c4800000, 0x00000000c4800000, 0x00000000c4900000|  0%| F|  |TAMS 0x00000000c4800000, 0x00000000c4800000| Untracked 
|  19|0x00000000c4900000, 0x00000000c4900000, 0x00000000c4a00000|  0%| F|  |TAMS 0x00000000c4900000, 0x00000000c4900000| Untracked 
|  20|0x00000000c4a00000, 0x00000000c4a00000, 0x00000000c4b00000|  0%| F|  |TAMS 0x00000000c4a00000, 0x00000000c4a00000| Untracked 
|  21|0x00000000c4b00000, 0x00000000c4b00000, 0x00000000c4c00000|  0%| F|  |TAMS 0x00000000c4b00000, 0x00000000c4b00000| Untracked 
|  22|0x00000000c4c00000, 0x00000000c4c00000, 0x00000000c4d00000|  0%| F|  |TAMS 0x00000000c4c00000, 0x00000000c4c00000| Untracked 
|  23|0x00000000c4d00000, 0x00000000c4d00000, 0x00000000c4e00000|  0%| F|  |TAMS 0x00000000c4d00000, 0x00000000c4d00000| Untracked 
|  24|0x00000000c4e00000, 0x00000000c4e00000, 0x00000000c4f00000|  0%| F|  |TAMS 0x00000000c4e00000, 0x00000000c4e00000| Untracked 
|  25|0x00000000c4f00000, 0x00000000c4f00000, 0x00000000c5000000|  0%| F|  |TAMS 0x00000000c4f00000, 0x00000000c4f00000| Untracked 
|  26|0x00000000c5000000, 0x00000000c5000000, 0x00000000c5100000|  0%| F|  |TAMS 0x00000000c5000000, 0x00000000c5000000| Untracked 
|  27|0x00000000c5100000, 0x00000000c5100000, 0x00000000c5200000|  0%| F|  |TAMS 0x00000000c5100000, 0x00000000c5100000| Untracked 
|  28|0x00000000c5200000, 0x00000000c5200000, 0x00000000c5300000|  0%| F|  |TAMS 0x00000000c5200000, 0x00000000c5200000| Untracked 
|  29|0x00000000c5300000, 0x00000000c5300000, 0x00000000c5400000|  0%| F|  |TAMS 0x00000000c5300000, 0x00000000c5300000| Untracked 
|  30|0x00000000c5400000, 0x00000000c5400000, 0x00000000c5500000|  0%| F|  |TAMS 0x00000000c5400000, 0x00000000c5400000| Untracked 
|  31|0x00000000c5500000, 0x00000000c5500000, 0x00000000c5600000|  0%| F|  |TAMS 0x00000000c5500000, 0x00000000c5500000| Untracked 
|  32|0x00000000c5600000, 0x00000000c5600000, 0x00000000c5700000|  0%| F|  |TAMS 0x00000000c5600000, 0x00000000c5600000| Untracked 
|  33|0x00000000c5700000, 0x00000000c5700000, 0x00000000c5800000|  0%| F|  |TAMS 0x00000000c5700000, 0x00000000c5700000| Untracked 
|  34|0x00000000c5800000, 0x00000000c5800000, 0x00000000c5900000|  0%| F|  |TAMS 0x00000000c5800000, 0x00000000c5800000| Untracked 
|  35|0x00000000c5900000, 0x00000000c5982440, 0x00000000c5a00000| 50%| S|CS|TAMS 0x00000000c5900000, 0x00000000c5900000| Complete 
|  36|0x00000000c5a00000, 0x00000000c5b00000, 0x00000000c5b00000|100%| S|CS|TAMS 0x00000000c5a00000, 0x00000000c5a00000| Complete 
|  37|0x00000000c5b00000, 0x00000000c5c00000, 0x00000000c5c00000|100%| E|  |TAMS 0x00000000c5b00000, 0x00000000c5b00000| Complete 
|  38|0x00000000c5c00000, 0x00000000c5d00000, 0x00000000c5d00000|100%| E|CS|TAMS 0x00000000c5c00000, 0x00000000c5c00000| Complete 
|  39|0x00000000c5d00000, 0x00000000c5e00000, 0x00000000c5e00000|100%| E|CS|TAMS 0x00000000c5d00000, 0x00000000c5d00000| Complete 
|  40|0x00000000c5e00000, 0x00000000c5f00000, 0x00000000c5f00000|100%| E|CS|TAMS 0x00000000c5e00000, 0x00000000c5e00000| Complete 
|  41|0x00000000c5f00000, 0x00000000c6000000, 0x00000000c6000000|100%| E|CS|TAMS 0x00000000c5f00000, 0x00000000c5f00000| Complete 
|  42|0x00000000c6000000, 0x00000000c6100000, 0x00000000c6100000|100%| E|CS|TAMS 0x00000000c6000000, 0x00000000c6000000| Complete 
|  43|0x00000000c6100000, 0x00000000c6200000, 0x00000000c6200000|100%| E|CS|TAMS 0x00000000c6100000, 0x00000000c6100000| Complete 
|  44|0x00000000c6200000, 0x00000000c6300000, 0x00000000c6300000|100%| E|CS|TAMS 0x00000000c6200000, 0x00000000c6200000| Complete 
|  45|0x00000000c6300000, 0x00000000c6400000, 0x00000000c6400000|100%| E|CS|TAMS 0x00000000c6300000, 0x00000000c6300000| Complete 
|  46|0x00000000c6400000, 0x00000000c6500000, 0x00000000c6500000|100%| E|CS|TAMS 0x00000000c6400000, 0x00000000c6400000| Complete 
|  47|0x00000000c6500000, 0x00000000c6600000, 0x00000000c6600000|100%| E|CS|TAMS 0x00000000c6500000, 0x00000000c6500000| Complete 
|  48|0x00000000c6600000, 0x00000000c6700000, 0x00000000c6700000|100%| E|CS|TAMS 0x00000000c6600000, 0x00000000c6600000| Complete 
|  49|0x00000000c6700000, 0x00000000c6800000, 0x00000000c6800000|100%| E|CS|TAMS 0x00000000c6700000, 0x00000000c6700000| Complete 
|  50|0x00000000c6800000, 0x00000000c6900000, 0x00000000c6900000|100%| E|CS|TAMS 0x00000000c6800000, 0x00000000c6800000| Complete 
|  51|0x00000000c6900000, 0x00000000c6a00000, 0x00000000c6a00000|100%| E|CS|TAMS 0x00000000c6900000, 0x00000000c6900000| Complete 
|  52|0x00000000c6a00000, 0x00000000c6b00000, 0x00000000c6b00000|100%| E|CS|TAMS 0x00000000c6a00000, 0x00000000c6a00000| Complete 
|  53|0x00000000c6b00000, 0x00000000c6c00000, 0x00000000c6c00000|100%| E|CS|TAMS 0x00000000c6b00000, 0x00000000c6b00000| Complete 
|  54|0x00000000c6c00000, 0x00000000c6d00000, 0x00000000c6d00000|100%| E|CS|TAMS 0x00000000c6c00000, 0x00000000c6c00000| Complete 
|  55|0x00000000c6d00000, 0x00000000c6e00000, 0x00000000c6e00000|100%| E|CS|TAMS 0x00000000c6d00000, 0x00000000c6d00000| Complete 
|  56|0x00000000c6e00000, 0x00000000c6f00000, 0x00000000c6f00000|100%| E|CS|TAMS 0x00000000c6e00000, 0x00000000c6e00000| Complete 
|  57|0x00000000c6f00000, 0x00000000c7000000, 0x00000000c7000000|100%| E|CS|TAMS 0x00000000c6f00000, 0x00000000c6f00000| Complete 
|  58|0x00000000c7000000, 0x00000000c7100000, 0x00000000c7100000|100%| E|CS|TAMS 0x00000000c7000000, 0x00000000c7000000| Complete 
|  59|0x00000000c7100000, 0x00000000c7200000, 0x00000000c7200000|100%| E|CS|TAMS 0x00000000c7100000, 0x00000000c7100000| Complete 
|  60|0x00000000c7200000, 0x00000000c7300000, 0x00000000c7300000|100%| E|CS|TAMS 0x00000000c7200000, 0x00000000c7200000| Complete 
|  61|0x00000000c7300000, 0x00000000c7400000, 0x00000000c7400000|100%| E|CS|TAMS 0x00000000c7300000, 0x00000000c7300000| Complete 

Card table byte_map: [0x000001c528630000,0x000001c528820000] _byte_map_base: 0x000001c528015000

Marking Bits (Prev, Next): (CMBitMap*) 0x000001c5118fd720, (CMBitMap*) 0x000001c5118fd760
 Prev Bits: [0x000001c528a10000, 0x000001c529938000)
 Next Bits: [0x000001c529940000, 0x000001c52a868000)

Polling page: 0x000001c50f7f0000

Metaspace:

Usage:
  Non-class:     12.16 MB used.
      Class:      1.70 MB used.
       Both:     13.86 MB used.

Virtual space:
  Non-class space:       64.00 MB reserved,      12.25 MB ( 19%) committed,  1 nodes.
      Class space:        1.00 GB reserved,       1.81 MB ( <1%) committed,  1 nodes.
             Both:        1.06 GB reserved,      14.06 MB (  1%) committed. 

Chunk freelists:
   Non-Class:  2.94 MB
       Class:  14.05 MB
        Both:  16.99 MB

MaxMetaspaceSize: unlimited
CompressedClassSpaceSize: 1.00 GB
Initial GC threshold: 21.00 MB
Current GC threshold: 21.00 MB
CDS: on
MetaspaceReclaimPolicy: balanced
 - commit_granule_bytes: 65536.
 - commit_granule_words: 8192.
 - virtual_space_node_default_size: 8388608.
 - enlarge_chunks_in_place: 1.
 - new_chunks_are_fully_committed: 0.
 - uncommit_free_chunks: 1.
 - use_allocation_guard: 0.
 - handle_deallocations: 1.


Internal statistics:

num_allocs_failed_limit: 0.
num_arena_births: 74.
num_arena_deaths: 0.
num_vsnodes_births: 2.
num_vsnodes_deaths: 0.
num_space_committed: 225.
num_space_uncommitted: 0.
num_chunks_returned_to_freelist: 0.
num_chunks_taken_from_freelist: 554.
num_chunk_merges: 0.
num_chunk_splits: 390.
num_chunks_enlarged: 317.
num_inconsistent_stats: 0.

CodeHeap 'non-profiled nmethods': size=120000Kb used=1013Kb max_used=1013Kb free=118986Kb
 bounds [0x000001c520f10000, 0x000001c521180000, 0x000001c528440000]
CodeHeap 'profiled nmethods': size=120000Kb used=5460Kb max_used=5460Kb free=114540Kb
 bounds [0x000001c519440000, 0x000001c5199a0000, 0x000001c520970000]
CodeHeap 'non-nmethods': size=5760Kb used=1182Kb max_used=1199Kb free=4577Kb
 bounds [0x000001c520970000, 0x000001c520be0000, 0x000001c520f10000]
 total_blobs=3103 nmethods=2641 adapters=374
 compilation: enabled
              stopped_count=0, restarted_count=0
 full_count=0

Compilation events (20 events):
Event: 6.948 Thread 0x000001c52cd0b480 2601       3       sun.nio.cs.UTF_8$Decoder::decodeArrayLoop (688 bytes)
Event: 6.952 Thread 0x000001c52cd0b480 nmethod 2601 0x000001c519980490 code [0x000001c519980cc0, 0x000001c519985e38]
Event: 6.957 Thread 0x000001c52cd0b480 2603       3       java.util.Arrays$ArrayList::indexOf (62 bytes)
Event: 6.958 Thread 0x000001c52cd0b480 nmethod 2603 0x000001c519987590 code [0x000001c519987760, 0x000001c519987be8]
Event: 6.958 Thread 0x000001c52cd0b480 2602       3       java.util.Arrays$ArrayList::contains (14 bytes)
Event: 6.958 Thread 0x000001c52cd0b480 nmethod 2602 0x000001c519987d90 code [0x000001c519987f40, 0x000001c5199880e8]
Event: 6.958 Thread 0x000001c52cd0b480 2604       3       java.lang.StringBuilder::append (8 bytes)
Event: 6.958 Thread 0x000001c52cd0b480 nmethod 2604 0x000001c519988190 code [0x000001c519988320, 0x000001c519988468]
Event: 6.958 Thread 0x000001c52cd0b480 2605       3       java.lang.AbstractStringBuilder::append (45 bytes)
Event: 6.958 Thread 0x000001c52cd0b480 nmethod 2605 0x000001c519988510 code [0x000001c5199886e0, 0x000001c519988a28]
Event: 6.962 Thread 0x000001c52cd0b480 2607       3       org.apache.maven.model.io.xpp3.MavenXpp3ReaderEx::checkFieldWithDuplicate (75 bytes)
Event: 6.962 Thread 0x000001c52cd0b480 nmethod 2607 0x000001c519988b90 code [0x000001c519988e40, 0x000001c5199898b8]
Event: 6.964 Thread 0x000001c52cd0b480 2608       3       java.lang.String::valueOf (39 bytes)
Event: 6.965 Thread 0x000001c52cd0b480 nmethod 2608 0x000001c519989d10 code [0x000001c519989f00, 0x000001c51998a618]
Event: 6.965 Thread 0x000001c52cd0b480 2609       3       java.lang.StringLatin1::toBytes (9 bytes)
Event: 6.965 Thread 0x000001c52cd0b480 nmethod 2609 0x000001c51998a810 code [0x000001c51998a9a0, 0x000001c51998ab38]
Event: 6.973 Thread 0x000001c52cd0b480 2611       3       java.util.regex.Pattern::next (33 bytes)
Event: 6.973 Thread 0x000001c52cd0b480 nmethod 2611 0x000001c51998ac10 code [0x000001c51998adc0, 0x000001c51998b028]
Event: 6.976 Thread 0x000001c52cd0b480 2612       3       java.util.regex.Pattern$Node::<init> (12 bytes)
Event: 6.976 Thread 0x000001c52cd0b480 nmethod 2612 0x000001c51998b190 code [0x000001c51998b340, 0x000001c51998b518]

GC Heap History (6 events):
Event: 0.845 GC heap before
{Heap before GC invocations=0 (full 0):
 garbage-first heap   total 63488K, used 13312K [0x00000000c3600000, 0x0000000100000000)
  region size 1024K, 13 young (13312K), 0 survivors (0K)
 Metaspace       used 3541K, committed 3648K, reserved 1114112K
  class space    used 371K, committed 384K, reserved 1048576K
}
Event: 0.856 GC heap after
{Heap after GC invocations=1 (full 0):
 garbage-first heap   total 63488K, used 3220K [0x00000000c3600000, 0x0000000100000000)
  region size 1024K, 2 young (2048K), 2 survivors (2048K)
 Metaspace       used 3541K, committed 3648K, reserved 1114112K
  class space    used 371K, committed 384K, reserved 1048576K
}
Event: 1.336 GC heap before
{Heap before GC invocations=1 (full 0):
 garbage-first heap   total 63488K, used 15508K [0x00000000c3600000, 0x0000000100000000)
  region size 1024K, 14 young (14336K), 2 survivors (2048K)
 Metaspace       used 5633K, committed 5824K, reserved 1114112K
  class space    used 677K, committed 768K, reserved 1048576K
}
Event: 1.342 GC heap after
{Heap after GC invocations=2 (full 0):
 garbage-first heap   total 63488K, used 3906K [0x00000000c3600000, 0x0000000100000000)
  region size 1024K, 1 young (1024K), 1 survivors (1024K)
 Metaspace       used 5633K, committed 5824K, reserved 1114112K
  class space    used 677K, committed 768K, reserved 1048576K
}
Event: 3.232 GC heap before
{Heap before GC invocations=2 (full 0):
 garbage-first heap   total 63488K, used 27458K [0x00000000c3600000, 0x0000000100000000)
  region size 1024K, 25 young (25600K), 1 survivors (1024K)
 Metaspace       used 8894K, committed 9024K, reserved 1114112K
  class space    used 1066K, committed 1152K, reserved 1048576K
}
Event: 3.239 GC heap after
{Heap after GC invocations=3 (full 0):
 garbage-first heap   total 63488K, used 4727K [0x00000000c3600000, 0x0000000100000000)
  region size 1024K, 2 young (2048K), 2 survivors (2048K)
 Metaspace       used 8894K, committed 9024K, reserved 1114112K
  class space    used 1066K, committed 1152K, reserved 1048576K
}

Dll operation events (8 events):
Event: 0.011 Loaded shared library C:\Program Files\Java\zulu17.44.53-ca-jdk17.0.8.1-win_x64\bin\java.dll
Event: 0.033 Loaded shared library C:\Program Files\Java\zulu17.44.53-ca-jdk17.0.8.1-win_x64\bin\jsvml.dll
Event: 0.096 Loaded shared library C:\Program Files\Java\zulu17.44.53-ca-jdk17.0.8.1-win_x64\bin\net.dll
Event: 0.097 Loaded shared library C:\Program Files\Java\zulu17.44.53-ca-jdk17.0.8.1-win_x64\bin\nio.dll
Event: 0.100 Loaded shared library C:\Program Files\Java\zulu17.44.53-ca-jdk17.0.8.1-win_x64\bin\zip.dll
Event: 0.336 Loaded shared library C:\Program Files\apache-maven-3.9.11\lib\jansi-native\Windows\x86_64\jansi.dll
Event: 0.351 Loaded shared library C:\Program Files\Java\zulu17.44.53-ca-jdk17.0.8.1-win_x64\bin\jimage.dll
Event: 0.360 Loaded shared library C:\Program Files\Java\zulu17.44.53-ca-jdk17.0.8.1-win_x64\bin\verify.dll

Deoptimization events (20 events):
Event: 6.907 Thread 0x000001c5118c1bf0 Uncommon trap: trap_request=0xffffff45 fr.pc=0x000001c520fce80c relative=0x00000000000009cc
Event: 6.907 Thread 0x000001c5118c1bf0 Uncommon trap: reason=unstable_if action=reinterpret pc=0x000001c520fce80c method=sun.net.util.IPAddressUtil.scan(Ljava/lang/String;JJ[C)I @ 14 c2
Event: 6.907 Thread 0x000001c5118c1bf0 DEOPT PACKING pc=0x000001c520fce80c sp=0x00000079fc7fdfd0
Event: 6.907 Thread 0x000001c5118c1bf0 DEOPT UNPACKING pc=0x000001c5209ca1a3 sp=0x00000079fc7fde50 mode 2
Event: 6.911 Thread 0x000001c5118c1bf0 Uncommon trap: trap_request=0xffffff45 fr.pc=0x000001c520fc2244 relative=0x0000000000000044
Event: 6.911 Thread 0x000001c5118c1bf0 Uncommon trap: reason=unstable_if action=reinterpret pc=0x000001c520fc2244 method=sun.net.util.IPAddressUtil.scan(Ljava/lang/String;JJ[C)I @ 14 c2
Event: 6.911 Thread 0x000001c5118c1bf0 DEOPT PACKING pc=0x000001c520fc2244 sp=0x00000079fc7fdf50
Event: 6.911 Thread 0x000001c5118c1bf0 DEOPT UNPACKING pc=0x000001c5209ca1a3 sp=0x00000079fc7fde38 mode 2
Event: 6.948 Thread 0x000001c5118c1bf0 Uncommon trap: trap_request=0xffffff45 fr.pc=0x000001c520f6684c relative=0x000000000000050c
Event: 6.948 Thread 0x000001c5118c1bf0 Uncommon trap: reason=unstable_if action=reinterpret pc=0x000001c520f6684c method=java.lang.String.decodeASCII([BI[CII)I @ 7 c2
Event: 6.948 Thread 0x000001c5118c1bf0 DEOPT PACKING pc=0x000001c520f6684c sp=0x00000079fc7fd970
Event: 6.948 Thread 0x000001c5118c1bf0 DEOPT UNPACKING pc=0x000001c5209ca1a3 sp=0x00000079fc7fd798 mode 2
Event: 6.957 Thread 0x000001c5118c1bf0 Uncommon trap: trap_request=0xffffff45 fr.pc=0x000001c520f37ac4 relative=0x0000000000000684
Event: 6.957 Thread 0x000001c5118c1bf0 Uncommon trap: reason=unstable_if action=reinterpret pc=0x000001c520f37ac4 method=java.lang.AbstractStringBuilder.append(Ljava/lang/String;)Ljava/lang/AbstractStringBuilder; @ 1 c2
Event: 6.957 Thread 0x000001c5118c1bf0 DEOPT PACKING pc=0x000001c520f37ac4 sp=0x00000079fc7fdf20
Event: 6.957 Thread 0x000001c5118c1bf0 DEOPT UNPACKING pc=0x000001c5209ca1a3 sp=0x00000079fc7fdea0 mode 2
Event: 6.958 Thread 0x000001c5118c1bf0 Uncommon trap: trap_request=0xffffff45 fr.pc=0x000001c520f31c5c relative=0x000000000000069c
Event: 6.958 Thread 0x000001c5118c1bf0 Uncommon trap: reason=unstable_if action=reinterpret pc=0x000001c520f31c5c method=java.lang.AbstractStringBuilder.append(Ljava/lang/String;)Ljava/lang/AbstractStringBuilder; @ 1 c2
Event: 6.958 Thread 0x000001c5118c1bf0 DEOPT PACKING pc=0x000001c520f31c5c sp=0x00000079fc7fdec0
Event: 6.958 Thread 0x000001c5118c1bf0 DEOPT UNPACKING pc=0x000001c5209ca1a3 sp=0x00000079fc7fdea8 mode 2

Classes unloaded (0 events):
No events

Classes redefined (0 events):
No events

Internal exceptions (20 events):
Event: 0.380 Thread 0x000001c5118c1bf0 Exception <a 'java/lang/NoSuchMethodError'{0x00000000c6e56bc0}: 'void java.lang.invoke.DirectMethodHandle$Holder.invokeStaticInit(java.lang.Object, java.lang.Object)'> (0x00000000c6e56bc0) 
thrown [s\src\hotspot\share\interpreter\linkResolver.cpp, line 759]
Event: 0.397 Thread 0x000001c5118c1bf0 Exception <a 'java/lang/NoSuchMethodError'{0x00000000c6eab898}: 'void java.lang.invoke.DirectMethodHandle$Holder.invokeStatic(java.lang.Object, java.lang.Object, java.lang.Object)'> (0x00000000c6eab898) 
thrown [s\src\hotspot\share\interpreter\linkResolver.cpp, line 759]
Event: 0.502 Thread 0x000001c5118c1bf0 Exception <a 'java/lang/NoSuchMethodError'{0x00000000c6c4ce90}: 'java.lang.Object java.lang.invoke.DirectMethodHandle$Holder.invokeSpecialIFC(java.lang.Object, java.lang.Object, java.lang.Object, java.lang.Object)'> (0x00000000c6c4ce90) 
thrown [s\src\hotspot\share\interpreter\linkResolver.cpp, line 759]
Event: 0.879 Thread 0x000001c5118c1bf0 Exception <a 'java/lang/NoSuchMethodError'{0x00000000c7368600}: 'void java.lang.invoke.DirectMethodHandle$Holder.invokeSpecial(java.lang.Object, java.lang.Object, java.lang.Object)'> (0x00000000c7368600) 
thrown [s\src\hotspot\share\interpreter\linkResolver.cpp, line 759]
Event: 0.952 Thread 0x000001c5118c1bf0 Exception <a 'java/lang/NoSuchMethodError'{0x00000000c72f62f0}: 'java.lang.Object java.lang.invoke.DirectMethodHandle$Holder.invokeInterface(java.lang.Object, java.lang.Object)'> (0x00000000c72f62f0) 
thrown [s\src\hotspot\share\interpreter\linkResolver.cpp, line 759]
Event: 0.994 Thread 0x000001c5118c1bf0 Exception <a 'java/lang/NoSuchMethodError'{0x00000000c71a8b38}: 'java.lang.Object java.lang.invoke.Invokers$Holder.invokeExact_MT(java.lang.Object, java.lang.Object, java.lang.Object, java.lang.Object, java.lang.Object, java.lang.Object)'> (0x00000000c71a8b38) 
thrown [s\src\hotspot\share\interpreter\linkResolver.cpp, line 759]
Event: 0.997 Thread 0x000001c5118c1bf0 Exception <a 'java/lang/NoSuchMethodError'{0x00000000c71ba088}: 'int java.lang.invoke.DirectMethodHandle$Holder.invokeSpecialIFC(java.lang.Object, java.lang.Object, java.lang.Object, java.lang.Object, java.lang.Object)'> (0x00000000c71ba088) 
thrown [s\src\hotspot\share\interpreter\linkResolver.cpp, line 759]
Event: 1.091 Thread 0x000001c5118c1bf0 Exception <a 'java/lang/NoSuchMethodError'{0x00000000c6f62f30}: 'java.lang.Object java.lang.invoke.DirectMethodHandle$Holder.newInvokeSpecial(java.lang.Object, java.lang.Object, java.lang.Object, java.lang.Object, java.lang.Object)'> (0x00000000c6f62f30) 
thrown [s\src\hotspot\share\interpreter\linkResolver.cpp, line 759]
Event: 1.156 Thread 0x000001c5118c1bf0 Exception <a 'java/lang/NoSuchMethodError'{0x00000000c6e84450}: 'int java.lang.invoke.DirectMethodHandle$Holder.invokeStaticInit(java.lang.Object, java.lang.Object)'> (0x00000000c6e84450) 
thrown [s\src\hotspot\share\interpreter\linkResolver.cpp, line 759]
Event: 1.166 Thread 0x000001c5118c1bf0 Exception <a 'java/lang/NoClassDefFoundError'{0x00000000c6ebde60}: javax/enterprise/inject/Typed> (0x00000000c6ebde60) 
thrown [s\src\hotspot\share\classfile\systemDictionary.cpp, line 248]
Event: 5.149 Thread 0x000001c5118c1bf0 Exception <a 'java/lang/NoSuchMethodError'{0x00000000c6ba3610}: 'void java.lang.invoke.DirectMethodHandle$Holder.invokeStaticInit(java.lang.Object, java.lang.Object, java.lang.Object)'> (0x00000000c6ba3610) 
thrown [s\src\hotspot\share\interpreter\linkResolver.cpp, line 759]
Event: 5.181 Thread 0x000001c5118c1bf0 Exception <a 'java/lang/ExceptionInInitializerError'{0x00000000c6bd00f8}> (0x00000000c6bd00f8) 
thrown [s\src\hotspot\share\oops\instanceKlass.cpp, line 1218]
Event: 5.255 Thread 0x000001c5118c1bf0 Implicit null exception at 0x000001c520f8b1af to 0x000001c520f8b30c
Event: 5.260 Thread 0x000001c5118c1bf0 Exception <a 'java/lang/NoSuchMethodError'{0x00000000c6a36960}: 'java.lang.Object java.lang.invoke.Invokers$Holder.invokeExact_MT(java.lang.Object, int, java.lang.Object)'> (0x00000000c6a36960) 
thrown [s\src\hotspot\share\interpreter\linkResolver.cpp, line 759]
Event: 5.367 Thread 0x000001c5118c1bf0 Exception <a 'java/lang/NoSuchMethodError'{0x00000000c6aa7750}: 'int java.lang.invoke.DirectMethodHandle$Holder.invokeSpecial(java.lang.Object, java.lang.Object, java.lang.Object, java.lang.Object)'> (0x00000000c6aa7750) 
thrown [s\src\hotspot\share\interpreter\linkResolver.cpp, line 759]
Event: 6.431 Thread 0x000001c5118c1bf0 Exception <a 'java/lang/NoClassDefFoundError'{0x00000000c62d2630}: com/google/inject/servlet/ServletModuleTargetVisitor> (0x00000000c62d2630) 
thrown [s\src\hotspot\share\classfile\systemDictionary.cpp, line 248]
Event: 6.615 Thread 0x000001c5118c1bf0 Exception <a 'java/lang/NoSuchMethodError'{0x00000000c6067f60}: 'void java.lang.invoke.DirectMethodHandle$Holder.invokeVirtual(java.lang.Object, java.lang.Object)'> (0x00000000c6067f60) 
thrown [s\src\hotspot\share\interpreter\linkResolver.cpp, line 759]
Event: 6.679 Thread 0x000001c5118c1bf0 Exception <a 'java/lang/NoSuchMethodError'{0x00000000c60e0790}: 'java.lang.Object java.lang.invoke.DirectMethodHandle$Holder.invokeStaticInit(java.lang.Object, int, int, int, int)'> (0x00000000c60e0790) 
thrown [s\src\hotspot\share\interpreter\linkResolver.cpp, line 759]
Event: 6.957 Thread 0x000001c5118c1bf0 Implicit null exception at 0x000001c520f37472 to 0x000001c520f37aac
Event: 6.957 Thread 0x000001c5118c1bf0 Implicit null exception at 0x000001c520f315f2 to 0x000001c520f31c44

VM Operations (20 events):
Event: 5.470 Executing VM operation: HandshakeAllThreads
Event: 5.470 Executing VM operation: HandshakeAllThreads done
Event: 5.861 Executing VM operation: HandshakeAllThreads
Event: 5.861 Executing VM operation: HandshakeAllThreads done
Event: 5.861 Executing VM operation: Cleanup
Event: 5.861 Executing VM operation: Cleanup done
Event: 6.359 Executing VM operation: HandshakeAllThreads
Event: 6.359 Executing VM operation: HandshakeAllThreads done
Event: 6.641 Executing VM operation: HandshakeAllThreads
Event: 6.641 Executing VM operation: HandshakeAllThreads done
Event: 6.740 Executing VM operation: HandshakeAllThreads
Event: 6.740 Executing VM operation: HandshakeAllThreads done
Event: 6.901 Executing VM operation: HandshakeAllThreads
Event: 6.901 Executing VM operation: HandshakeAllThreads done
Event: 6.901 Executing VM operation: Cleanup
Event: 6.902 Executing VM operation: Cleanup done
Event: 6.906 Executing VM operation: HandshakeAllThreads
Event: 6.906 Executing VM operation: HandshakeAllThreads done
Event: 7.915 Executing VM operation: Cleanup
Event: 7.915 Executing VM operation: Cleanup done

Events (20 events):
Event: 6.842 loading class java/lang/ProcessEnvironment$CheckedKeySet
Event: 6.842 loading class java/lang/ProcessEnvironment$CheckedKeySet done
Event: 6.899 loading class java/net/URL$2
Event: 6.900 loading class java/net/URL$2 done
Event: 6.900 loading class java/net/URL$1
Event: 6.900 loading class java/net/URL$1 done
Event: 6.900 loading class java/net/spi/URLStreamHandlerProvider
Event: 6.900 loading class java/net/spi/URLStreamHandlerProvider done
Event: 6.906 loading class sun/net/www/protocol/https/Handler
Event: 6.906 loading class sun/net/www/protocol/http/Handler
Event: 6.906 loading class sun/net/www/protocol/http/Handler done
Event: 6.906 loading class sun/net/www/protocol/https/Handler done
Event: 6.910 loading class java/util/regex/Pattern$Pos
Event: 6.910 loading class java/util/regex/Pattern$Pos done
Event: 6.914 loading class java/util/ArrayList$SubList$1
Event: 6.914 loading class java/util/ArrayList$SubList$1 done
Event: 6.926 loading class java/util/concurrent/atomic/AtomicReference
Event: 6.926 loading class java/util/concurrent/atomic/AtomicReference done
Event: 6.973 loading class java/util/Formatter$FixedString
Event: 6.973 loading class java/util/Formatter$FixedString done


Dynamic libraries:
0x00007ff6270a0000 - 0x00007ff6270ae000 	C:\Program Files\Java\zulu17.44.53-ca-jdk17.0.8.1-win_x64\bin\java.exe
0x00007ffe5bda0000 - 0x00007ffe5c007000 	C:\WINDOWS\SYSTEM32\ntdll.dll
0x00007ffe376e0000 - 0x00007ffe37700000 	C:\Program Files\Norton\Suite\aswhook.dll
0x00007ffe5a860000 - 0x00007ffe5a929000 	C:\WINDOWS\System32\KERNEL32.DLL
0x00007ffe59140000 - 0x00007ffe59530000 	C:\WINDOWS\System32\KERNELBASE.dll
0x00007ffe59540000 - 0x00007ffe5968b000 	C:\WINDOWS\System32\ucrtbase.dll
0x00007ffe40720000 - 0x00007ffe40739000 	C:\Program Files\Java\zulu17.44.53-ca-jdk17.0.8.1-win_x64\bin\jli.dll
0x00007ffe40700000 - 0x00007ffe4071b000 	C:\Program Files\Java\zulu17.44.53-ca-jdk17.0.8.1-win_x64\bin\VCRUNTIME140.dll
0x00007ffe5a160000 - 0x00007ffe5a325000 	C:\WINDOWS\System32\USER32.dll
0x00007ffe44850000 - 0x00007ffe44aea000 	C:\WINDOWS\WinSxS\amd64_microsoft.windows.common-controls_6595b64144ccf1df_6.0.26100.4768_none_3e0c112ce331287c\COMCTL32.dll
0x00007ffe58ed0000 - 0x00007ffe58ef7000 	C:\WINDOWS\System32\win32u.dll
0x00007ffe59bb0000 - 0x00007ffe59bdb000 	C:\WINDOWS\System32\GDI32.dll
0x00007ffe59690000 - 0x00007ffe597c8000 	C:\WINDOWS\System32\gdi32full.dll
0x00007ffe5aeb0000 - 0x00007ffe5af59000 	C:\WINDOWS\System32\msvcrt.dll
0x00007ffe599f0000 - 0x00007ffe59a93000 	C:\WINDOWS\System32\msvcp_win.dll
0x00007ffe5aa70000 - 0x00007ffe5aa9f000 	C:\WINDOWS\System32\IMM32.DLL
0x00007ffe406f0000 - 0x00007ffe406fc000 	C:\Program Files\Java\zulu17.44.53-ca-jdk17.0.8.1-win_x64\bin\vcruntime140_1.dll
0x00007ffe24dc0000 - 0x00007ffe24e4d000 	C:\Program Files\Java\zulu17.44.53-ca-jdk17.0.8.1-win_x64\bin\msvcp140.dll
0x00007ffdab930000 - 0x00007ffdac598000 	C:\Program Files\Java\zulu17.44.53-ca-jdk17.0.8.1-win_x64\bin\server\jvm.dll
0x00007ffe5bca0000 - 0x00007ffe5bd54000 	C:\WINDOWS\System32\ADVAPI32.dll
0x00007ffe59d20000 - 0x00007ffe59dc6000 	C:\WINDOWS\System32\sechost.dll
0x00007ffe59dd0000 - 0x00007ffe59ee8000 	C:\WINDOWS\System32\RPCRT4.dll
0x00007ffe3bd50000 - 0x00007ffe3bd5a000 	C:\WINDOWS\SYSTEM32\WSOCK32.dll
0x00007ffe42030000 - 0x00007ffe42065000 	C:\WINDOWS\SYSTEM32\WINMM.dll
0x00007ffe59ef0000 - 0x00007ffe59f64000 	C:\WINDOWS\System32\WS2_32.dll
0x00007ffe484a0000 - 0x00007ffe484ab000 	C:\WINDOWS\SYSTEM32\VERSION.dll
0x00007ffe581d0000 - 0x00007ffe5822e000 	C:\WINDOWS\SYSTEM32\POWRPROF.dll
0x00007ffe58090000 - 0x00007ffe580a4000 	C:\WINDOWS\SYSTEM32\UMPDC.dll
0x00007ffe57cc0000 - 0x00007ffe57cdb000 	C:\WINDOWS\SYSTEM32\kernel.appcore.dll
0x00007ffe406e0000 - 0x00007ffe406ea000 	C:\Program Files\Java\zulu17.44.53-ca-jdk17.0.8.1-win_x64\bin\jimage.dll
0x00007ffe56590000 - 0x00007ffe567d1000 	C:\WINDOWS\SYSTEM32\DBGHELP.DLL
0x00007ffe5a4b0000 - 0x00007ffe5a835000 	C:\WINDOWS\System32\combase.dll
0x00007ffe5a930000 - 0x00007ffe5aa10000 	C:\WINDOWS\System32\OLEAUT32.dll
0x00007ffe48250000 - 0x00007ffe48293000 	C:\WINDOWS\SYSTEM32\dbgcore.DLL
0x00007ffe59950000 - 0x00007ffe599e9000 	C:\WINDOWS\System32\bcryptPrimitives.dll
0x00007ffe340b0000 - 0x00007ffe340d5000 	C:\Program Files\Java\zulu17.44.53-ca-jdk17.0.8.1-win_x64\bin\java.dll
0x00007ffe12db0000 - 0x00007ffe12e87000 	C:\Program Files\Java\zulu17.44.53-ca-jdk17.0.8.1-win_x64\bin\jsvml.dll
0x00007ffe5b060000 - 0x00007ffe5b7ad000 	C:\WINDOWS\System32\SHELL32.dll
0x00007ffe58f00000 - 0x00007ffe59073000 	C:\WINDOWS\System32\wintypes.dll
0x00007ffe56a90000 - 0x00007ffe572ef000 	C:\WINDOWS\SYSTEM32\windows.storage.dll
0x00007ffe5af60000 - 0x00007ffe5b055000 	C:\WINDOWS\System32\SHCORE.dll
0x00007ffe59c80000 - 0x00007ffe59cea000 	C:\WINDOWS\System32\shlwapi.dll
0x00007ffe58df0000 - 0x00007ffe58e19000 	C:\WINDOWS\SYSTEM32\profapi.dll
0x00007ffe40370000 - 0x00007ffe40389000 	C:\Program Files\Java\zulu17.44.53-ca-jdk17.0.8.1-win_x64\bin\net.dll
0x00007ffe49aa0000 - 0x00007ffe49bbe000 	C:\WINDOWS\SYSTEM32\WINHTTP.dll
0x00007ffe58300000 - 0x00007ffe5836b000 	C:\WINDOWS\system32\mswsock.dll
0x00007ffe3f940000 - 0x00007ffe3f956000 	C:\Program Files\Java\zulu17.44.53-ca-jdk17.0.8.1-win_x64\bin\nio.dll
0x00007ffe34090000 - 0x00007ffe340a8000 	C:\Program Files\Java\zulu17.44.53-ca-jdk17.0.8.1-win_x64\bin\zip.dll
0x00007ffe32d50000 - 0x00007ffe32d74000 	C:\Program Files\apache-maven-3.9.11\lib\jansi-native\Windows\x86_64\jansi.dll
0x00007ffe37490000 - 0x00007ffe374a0000 	C:\Program Files\Java\zulu17.44.53-ca-jdk17.0.8.1-win_x64\bin\verify.dll

dbghelp: loaded successfully - version: 4.0.5 - missing functions: none
symbol engine: initialized successfully - sym options: 0x614 - pdb path: .;C:\Program Files\Java\zulu17.44.53-ca-jdk17.0.8.1-win_x64\bin;C:\WINDOWS\SYSTEM32;C:\Program Files\Norton\Suite;C:\WINDOWS\WinSxS\amd64_microsoft.windows.common-controls_6595b64144ccf1df_6.0.26100.4768_none_3e0c112ce331287c;C:\Program Files\Java\zulu17.44.53-ca-jdk17.0.8.1-win_x64\bin\server;C:\Program Files\apache-maven-3.9.11\lib\jansi-native\Windows\x86_64

VM Arguments:
jvm_args: --enable-native-access=ALL-UNNAMED -Dclassworlds.conf=C:\Program Files\apache-maven-3.9.11\bin\m2.conf -Dmaven.home=C:\Program Files\apache-maven-3.9.11 -Dlibrary.jansi.path=C:\Program Files\apache-maven-3.9.11\lib\jansi-native -Dmaven.multiModuleProjectDirectory=c:\Danilo\projetos\escritorio_advocacia\advocacia-danilo-atualizado\backend 
java_command: org.codehaus.plexus.classworlds.launcher.Launcher -q help:effective-pom -Doutput=c:\Danilo\projetos\escritorio_advocacia\advocacia-danilo-atualizado\backend\effective-pom.xml
java_class_path (initial): C:\Program Files\apache-maven-3.9.11\boot\plexus-classworlds-2.9.0.jar
Launcher Type: SUN_STANDARD

[Global flags]
     intx CICompilerCount                          = 3                                         {product} {ergonomic}
     uint ConcGCThreads                            = 1                                         {product} {ergonomic}
     uint G1ConcRefinementThreads                  = 4                                         {product} {ergonomic}
   size_t G1HeapRegionSize                         = 1048576                                   {product} {ergonomic}
    uintx GCDrainStackTargetSize                   = 64                                        {product} {ergonomic}
   size_t InitialHeapSize                          = 65011712                                  {product} {ergonomic}
   size_t MarkStackSize                            = 4194304                                   {product} {ergonomic}
   size_t MaxHeapSize                              = 1017118720                                {product} {ergonomic}
   size_t MaxNewSize                               = 610271232                                 {product} {ergonomic}
   size_t MinHeapDeltaBytes                        = 1048576                                   {product} {ergonomic}
   size_t MinHeapSize                              = 8388608                                   {product} {ergonomic}
    uintx NonNMethodCodeHeapSize                   = 5832780                                {pd product} {ergonomic}
    uintx NonProfiledCodeHeapSize                  = 122912730                              {pd product} {ergonomic}
    uintx ProfiledCodeHeapSize                     = 122912730                              {pd product} {ergonomic}
    uintx ReservedCodeCacheSize                    = 251658240                              {pd product} {ergonomic}
     bool SegmentedCodeCache                       = true                                      {product} {ergonomic}
   size_t SoftMaxHeapSize                          = 1017118720                             {manageable} {ergonomic}
     bool UseCompressedClassPointers               = true                           {product lp64_product} {ergonomic}
     bool UseCompressedOops                        = true                           {product lp64_product} {ergonomic}
     bool UseG1GC                                  = true                                      {product} {ergonomic}
     bool UseLargePagesIndividualAllocation        = false                                  {pd product} {ergonomic}

Logging:
Log output configuration:
 #0: stdout all=warning uptime,level,tags
 #1: stderr all=off uptime,level,tags

Environment Variables:
JAVA_HOME=C:\Program Files\Java\zulu17.44.53-ca-jdk17.0.8.1-win_x64
PATH=C:\Program Files\Java\zulu17.44.53-ca-jdk17.0.8.1-win_x64\bin;C:\Program Files\Common Files\Oracle\Java\javapath;C:\Program Files (x86)\Common Files\Oracle\Java\javapath;C:\WINDOWS\system32;C:\WINDOWS;C:\WINDOWS\System32\Wbem;C:\WINDOWS\System32\WindowsPowerShell\v1.0\;C:\WINDOWS\System32\OpenSSH\;C:\Program Files\Git\cmd;C:\Program Files\apache-maven-3.9.11\bin;C:\Program Files\nodejs\;C:\Program Files\MySQL\MySQL Shell 8.0\bin\;C:\Users\pamel\AppData\Local\Microsoft\WindowsApps;C:\Users\pamel\AppData\Local\Programs\Microsoft VS Code\bin;C:\Users\pamel\AppData\Roaming\npm
USERNAME=pamel
OS=Windows_NT
PROCESSOR_IDENTIFIER=Intel64 Family 6 Model 140 Stepping 1, GenuineIntel
TMP=C:\Users\pamel\AppData\Local\Temp
TEMP=C:\Users\pamel\AppData\Local\Temp



---------------  S Y S T E M  ---------------

OS:
 Windows 11 , 64 bit Build 26100 (10.0.26100.4768)
OS uptime: 3 days 6:15 hours
Hyper-V role detected

CPU: total 4 (initial active 4) (2 cores per cpu, 2 threads per core) family 6 model 140 stepping 1 microcode 0x8a, cx8, cmov, fxsr, ht, mmx, 3dnowpref, sse, sse2, sse3, ssse3, sse4.1, sse4.2, popcnt, lzcnt, tsc, tscinvbit, avx, avx2, aes, erms, clmul, bmi1, bmi2, adx, avx512f, avx512dq, avx512cd, avx512bw, avx512vl, sha, fma, vzeroupper, avx512_vpopcntdq, avx512_vpclmulqdq, avx512_vaes, avx512_vnni, clflush, clflushopt, clwb, avx512_vbmi2, avx512_vbmi, hv
Processor Information for all 4 processors :
  Max Mhz: 2995, Current Mhz: 2995, Mhz Limit: 2995

Memory: 4k page, system-wide physical 3875M (14M free)
TotalPageFile size 15651M (AvailPageFile size 6M)
current process WorkingSet (physical memory assigned to process): 75M, peak: 104M
current process commit charge ("private bytes"): 163M, peak: 169M

vm_info: OpenJDK 64-Bit Server VM (17.0.8.1+1-LTS) for windows-amd64 JRE (17.0.8.1+1-LTS) (Zulu17.44+53-CA), built on Aug 23 2023 12:46:03 by "zulu_re" with MS VC++ 16.10 / 16.11 (VS2019)

END.
