#
# There is insufficient memory for the Java Runtime Environment to continue.
# Native memory allocation (mmap) failed to map 65536 bytes for Failed to commit metaspace.
# Possible reasons:
#   The system is out of physical RAM or swap space
#   The process is running with CompressedOops enabled, and the Java Heap may be blocking the growth of the native heap
# Possible solutions:
#   Reduce memory load on the system
#   Increase physical memory or swap space
#   Check if swap backing store is full
#   Decrease Java heap size (-Xmx/-Xms)
#   Decrease number of Java threads
#   Decrease Java thread stack sizes (-Xss)
#   Set larger code cache with -XX:ReservedCodeCacheSize=
#   JVM is running with Unscaled Compressed Oops mode in which the Java heap is
#     placed in the first 4GB address space. The Java Heap base address is the
#     maximum limit for the native heap growth. Please use -XX:HeapBaseMinAddress
#     to set the Java Heap base and to place the Java Heap above 4GB virtual address.
# This output file may be truncated or incomplete.
#
#  Out of Memory Error (virtualSpaceNode.cpp:110), pid=19168, tid=17260
#
# JRE version: OpenJDK Runtime Environment Zulu17.44+53-CA (17.0.8.1+1) (build 17.0.8.1+1-LTS)
# Java VM: OpenJDK 64-Bit Server VM Zulu17.44+53-CA (17.0.8.1+1-LTS, mixed mode, emulated-client, sharing, tiered, compressed oops, compressed class ptrs, g1 gc, windows-amd64)
# No core dump will be written. Minidumps are not enabled by default on client versions of Windows
#

---------------  S U M M A R Y ------------

Command Line: -XX:TieredStopAtLevel=1 com.advocacia.AdvocaciaApiApplication

Host: 11th Gen Intel(R) Core(TM) i3-1115G4 @ 3.00GHz, 4 cores, 3G,  Windows 11 , 64 bit Build 26100 (10.0.26100.4768)
Time: Fri Aug  1 18:38:02 2025 Hora oficial do Brasil elapsed time: 17.687385 seconds (0d 0h 0m 17s)

---------------  T H R E A D  ---------------

Current thread (0x0000019ff3577fe0):  JavaThread "main" [_thread_in_vm, id=17260, stack(0x0000004fba500000,0x0000004fba600000)]

Stack: [0x0000004fba500000,0x0000004fba600000]
Native frames: (J=compiled Java code, j=interpreted, Vv=VM code, C=native code)
V  [jvm.dll+0x67e01a]
V  [jvm.dll+0x83bc64]
V  [jvm.dll+0x83d40e]
V  [jvm.dll+0x83da73]
V  [jvm.dll+0x24b18f]
V  [jvm.dll+0x837cfb]
V  [jvm.dll+0x622816]
V  [jvm.dll+0x1c1f4e]
V  [jvm.dll+0x625161]
V  [jvm.dll+0x6231b6]
V  [jvm.dll+0x248b0c]
V  [jvm.dll+0x6d4e6d]
V  [jvm.dll+0x6d589f]
V  [jvm.dll+0x376ee4]
V  [jvm.dll+0x375f84]
V  [jvm.dll+0x375f28]
V  [jvm.dll+0x566735]
V  [jvm.dll+0x565654]
V  [jvm.dll+0x389e74]
V  [jvm.dll+0x3894df]
C  0x0000019ffc7090d9

Java frames: (J=compiled Java code, j=interpreted, Vv=VM code)
j  org.springframework.data.repository.query.QueryMethod.validate()V+4
j  org.springframework.data.repository.query.QueryMethod.<init>(Ljava/lang/reflect/Method;Lorg/springframework/data/repository/core/RepositoryMetadata;Lorg/springframework/data/projection/ProjectionFactory;)V+124
j  org.springframework.data.jpa.repository.query.JpaQueryMethod.<init>(Ljava/lang/reflect/Method;Lorg/springframework/data/repository/core/RepositoryMetadata;Lorg/springframework/data/projection/ProjectionFactory;Lorg/springframework/data/jpa/provider/QueryExtractor;)V+4
j  org.springframework.data.jpa.repository.query.DefaultJpaQueryMethodFactory.build(Ljava/lang/reflect/Method;Lorg/springframework/data/repository/core/RepositoryMetadata;Lorg/springframework/data/projection/ProjectionFactory;)Lorg/springframework/data/jpa/repository/query/JpaQueryMethod;+11
j  org.springframework.data.jpa.repository.query.JpaQueryLookupStrategy$AbstractQueryLookupStrategy.resolveQuery(Ljava/lang/reflect/Method;Lorg/springframework/data/repository/core/RepositoryMetadata;Lorg/springframework/data/projection/ProjectionFactory;Lorg/springframework/data/repository/core/NamedQueries;)Lorg/springframework/data/repository/query/RepositoryQuery;+7
j  org.springframework.data.repository.core.support.QueryExecutorMethodInterceptor.lookupQuery(Ljava/lang/reflect/Method;Lorg/springframework/data/repository/core/RepositoryInformation;Lorg/springframework/data/repository/query/QueryLookupStrategy;Lorg/springframework/data/projection/ProjectionFactory;)Lorg/springframework/data/util/Pair;+10
j  org.springframework.data.repository.core.support.QueryExecutorMethodInterceptor.mapMethodsToQuery(Lorg/springframework/data/repository/core/RepositoryInformation;Lorg/springframework/data/repository/query/QueryLookupStrategy;Lorg/springframework/data/projection/ProjectionFactory;)Ljava/util/Map;+50
j  org.springframework.data.repository.core.support.QueryExecutorMethodInterceptor.lambda$new$0(Lorg/springframework/data/repository/core/RepositoryInformation;Lorg/springframework/data/projection/ProjectionFactory;Lorg/springframework/data/repository/query/QueryLookupStrategy;)Ljava/util/Map;+4
j  org.springframework.data.repository.core.support.QueryExecutorMethodInterceptor$$Lambda$1172+0x0000019f8677c178.apply(Ljava/lang/Object;)Ljava/lang/Object;+16
J 4360 c1 java.util.Optional.map(Ljava/util/function/Function;)Ljava/util/Optional; java.base@17.0.8.1 (30 bytes) @ 0x0000019ffc86f034 [0x0000019ffc86efc0+0x0000000000000074]
j  org.springframework.data.repository.core.support.QueryExecutorMethodInterceptor.<init>(Lorg/springframework/data/repository/core/RepositoryInformation;Lorg/springframework/data/projection/ProjectionFactory;Ljava/util/Optional;Lorg/springframework/data/repository/core/NamedQueries;Ljava/util/List;Ljava/util/List;)V+111
j  org.springframework.data.repository.core.support.RepositoryFactorySupport.getRepository(Ljava/lang/Class;Lorg/springframework/data/repository/core/support/RepositoryComposition$RepositoryFragments;)Ljava/lang/Object;+415
j  org.springframework.data.repository.core.support.RepositoryFactoryBeanSupport.lambda$afterPropertiesSet$5(Lorg/springframework/data/repository/core/support/RepositoryComposition$RepositoryFragments;)Lorg/springframework/data/repository/Repository;+9
j  org.springframework.data.repository.core.support.RepositoryFactoryBeanSupport$$Lambda$1038+0x0000019f867576d8.get()Ljava/lang/Object;+8
J 4409 c1 org.springframework.data.util.Lazy.get()Ljava/lang/Object; (21 bytes) @ 0x0000019ffc86009c [0x0000019ffc860040+0x000000000000005c]
j  org.springframework.data.repository.core.support.RepositoryFactoryBeanSupport.afterPropertiesSet()V+232
j  org.springframework.data.jpa.repository.support.JpaRepositoryFactoryBean.afterPropertiesSet()V+18
j  org.springframework.beans.factory.support.AbstractAutowireCapableBeanFactory.invokeInitMethods(Ljava/lang/String;Ljava/lang/Object;Lorg/springframework/beans/factory/support/RootBeanDefinition;)V+56
j  org.springframework.beans.factory.support.AbstractAutowireCapableBeanFactory.initializeBean(Ljava/lang/String;Ljava/lang/Object;Lorg/springframework/beans/factory/support/RootBeanDefinition;)Ljava/lang/Object;+34
j  org.springframework.beans.factory.support.AbstractAutowireCapableBeanFactory.doCreateBean(Ljava/lang/String;Lorg/springframework/beans/factory/support/RootBeanDefinition;[Ljava/lang/Object;)Ljava/lang/Object;+228
j  org.springframework.beans.factory.support.AbstractAutowireCapableBeanFactory.createBean(Ljava/lang/String;Lorg/springframework/beans/factory/support/RootBeanDefinition;[Ljava/lang/Object;)Ljava/lang/Object;+153
j  org.springframework.beans.factory.support.AbstractBeanFactory.lambda$doGetBean$0(Ljava/lang/String;Lorg/springframework/beans/factory/support/RootBeanDefinition;[Ljava/lang/Object;)Ljava/lang/Object;+4
j  org.springframework.beans.factory.support.AbstractBeanFactory$$Lambda$260+0x0000019f86189c90.getObject()Ljava/lang/Object;+16
j  org.springframework.beans.factory.support.DefaultSingletonBeanRegistry.getSingleton(Ljava/lang/String;Lorg/springframework/beans/factory/ObjectFactory;)Ljava/lang/Object;+114
J 2307 c1 org.springframework.beans.factory.support.AbstractBeanFactory.doGetBean(Ljava/lang/String;Ljava/lang/Class;[Ljava/lang/Object;Z)Ljava/lang/Object; (740 bytes) @ 0x0000019ffcc08244 [0x0000019ffcc07c80+0x00000000000005c4]
j  org.springframework.beans.factory.support.AbstractBeanFactory.getBean(Ljava/lang/String;)Ljava/lang/Object;+5
j  org.springframework.beans.factory.config.DependencyDescriptor.resolveCandidate(Ljava/lang/String;Ljava/lang/Class;Lorg/springframework/beans/factory/BeanFactory;)Ljava/lang/Object;+2
j  org.springframework.beans.factory.support.DefaultListableBeanFactory.doResolveDependency(Lorg/springframework/beans/factory/config/DependencyDescriptor;Ljava/lang/String;Ljava/util/Set;Lorg/springframework/beans/TypeConverter;)Ljava/lang/Object;+473
j  org.springframework.beans.factory.support.DefaultListableBeanFactory.resolveDependency(Lorg/springframework/beans/factory/config/DependencyDescriptor;Ljava/lang/String;Ljava/util/Set;Lorg/springframework/beans/TypeConverter;)Ljava/lang/Object;+117
j  org.springframework.beans.factory.annotation.AutowiredAnnotationBeanPostProcessor$AutowiredFieldElement.resolveFieldValue(Ljava/lang/reflect/Field;Ljava/lang/Object;Ljava/lang/String;)Ljava/lang/Object;+81
j  org.springframework.beans.factory.annotation.AutowiredAnnotationBeanPostProcessor$AutowiredFieldElement.inject(Ljava/lang/Object;Ljava/lang/String;Lorg/springframework/beans/PropertyValues;)V+74
j  org.springframework.beans.factory.annotation.InjectionMetadata.inject(Ljava/lang/Object;Ljava/lang/String;Lorg/springframework/beans/PropertyValues;)V+68
j  org.springframework.beans.factory.annotation.AutowiredAnnotationBeanPostProcessor.postProcessProperties(Lorg/springframework/beans/PropertyValues;Ljava/lang/Object;Ljava/lang/String;)Lorg/springframework/beans/PropertyValues;+17
j  org.springframework.beans.factory.support.AbstractAutowireCapableBeanFactory.populateBean(Ljava/lang/String;Lorg/springframework/beans/factory/support/RootBeanDefinition;Lorg/springframework/beans/BeanWrapper;)V+280
j  org.springframework.beans.factory.support.AbstractAutowireCapableBeanFactory.doCreateBean(Ljava/lang/String;Lorg/springframework/beans/factory/support/RootBeanDefinition;[Ljava/lang/Object;)Ljava/lang/Object;+220
j  org.springframework.beans.factory.support.AbstractAutowireCapableBeanFactory.createBean(Ljava/lang/String;Lorg/springframework/beans/factory/support/RootBeanDefinition;[Ljava/lang/Object;)Ljava/lang/Object;+153
j  org.springframework.beans.factory.support.AbstractBeanFactory.lambda$doGetBean$0(Ljava/lang/String;Lorg/springframework/beans/factory/support/RootBeanDefinition;[Ljava/lang/Object;)Ljava/lang/Object;+4
j  org.springframework.beans.factory.support.AbstractBeanFactory$$Lambda$260+0x0000019f86189c90.getObject()Ljava/lang/Object;+16
j  org.springframework.beans.factory.support.DefaultSingletonBeanRegistry.getSingleton(Ljava/lang/String;Lorg/springframework/beans/factory/ObjectFactory;)Ljava/lang/Object;+114
J 2307 c1 org.springframework.beans.factory.support.AbstractBeanFactory.doGetBean(Ljava/lang/String;Ljava/lang/Class;[Ljava/lang/Object;Z)Ljava/lang/Object; (740 bytes) @ 0x0000019ffcc08244 [0x0000019ffcc07c80+0x00000000000005c4]
j  org.springframework.beans.factory.support.AbstractBeanFactory.getBean(Ljava/lang/String;)Ljava/lang/Object;+5
j  org.springframework.beans.factory.support.DefaultListableBeanFactory.preInstantiateSingletons()V+152
j  org.springframework.context.support.AbstractApplicationContext.finishBeanFactoryInitialization(Lorg/springframework/beans/factory/config/ConfigurableListableBeanFactory;)V+130
j  org.springframework.context.support.AbstractApplicationContext.refresh()V+94
j  org.springframework.boot.web.servlet.context.ServletWebServerApplicationContext.refresh()V+1
j  org.springframework.boot.SpringApplication.refresh(Lorg/springframework/context/ConfigurableApplicationContext;)V+1
j  org.springframework.boot.SpringApplication.refreshContext(Lorg/springframework/context/ConfigurableApplicationContext;)V+16
j  org.springframework.boot.SpringApplication.run([Ljava/lang/String;)Lorg/springframework/context/ConfigurableApplicationContext;+110
j  org.springframework.boot.SpringApplication.run([Ljava/lang/Class;[Ljava/lang/String;)Lorg/springframework/context/ConfigurableApplicationContext;+9
j  org.springframework.boot.SpringApplication.run(Ljava/lang/Class;[Ljava/lang/String;)Lorg/springframework/context/ConfigurableApplicationContext;+9
j  com.advocacia.AdvocaciaApiApplication.main([Ljava/lang/String;)V+3
v  ~StubRoutines::call_stub

---------------  P R O C E S S  ---------------

Threads class SMR info:
_java_thread_list=0x0000019fcb5a87b0, length=17, elements={
0x0000019ff3577fe0, 0x0000019f845cc240, 0x0000019f845cf990, 0x0000019f845e3a40,
0x0000019f845e6420, 0x0000019f845e8970, 0x0000019f845ed3b0, 0x0000019f845f1470,
0x0000019f845f6a20, 0x0000019f84855fb0, 0x0000019f848611e0, 0x0000019fca109580,
0x0000019fca10c040, 0x0000019fca109030, 0x0000019fca1b5640, 0x0000019fcad0f140,
0x0000019fcb6b0570
}

Java Threads: ( => current thread )
=>0x0000019ff3577fe0 JavaThread "main" [_thread_in_vm, id=17260, stack(0x0000004fba500000,0x0000004fba600000)]
  0x0000019f845cc240 JavaThread "Reference Handler" daemon [_thread_blocked, id=21900, stack(0x0000004fbac00000,0x0000004fbad00000)]
  0x0000019f845cf990 JavaThread "Finalizer" daemon [_thread_blocked, id=7920, stack(0x0000004fbad00000,0x0000004fbae00000)]
  0x0000019f845e3a40 JavaThread "Signal Dispatcher" daemon [_thread_blocked, id=21876, stack(0x0000004fbae00000,0x0000004fbaf00000)]
  0x0000019f845e6420 JavaThread "Attach Listener" daemon [_thread_blocked, id=5064, stack(0x0000004fbaf00000,0x0000004fbb000000)]
  0x0000019f845e8970 JavaThread "Service Thread" daemon [_thread_blocked, id=16300, stack(0x0000004fbb000000,0x0000004fbb100000)]
  0x0000019f845ed3b0 JavaThread "Monitor Deflation Thread" daemon [_thread_blocked, id=12768, stack(0x0000004fbb100000,0x0000004fbb200000)]
  0x0000019f845f1470 JavaThread "C1 CompilerThread0" daemon [_thread_blocked, id=13464, stack(0x0000004fbb200000,0x0000004fbb300000)]
  0x0000019f845f6a20 JavaThread "Sweeper thread" daemon [_thread_blocked, id=16428, stack(0x0000004fbb300000,0x0000004fbb400000)]
  0x0000019f84855fb0 JavaThread "Notification Thread" daemon [_thread_blocked, id=13064, stack(0x0000004fbb400000,0x0000004fbb500000)]
  0x0000019f848611e0 JavaThread "Common-Cleaner" daemon [_thread_blocked, id=16420, stack(0x0000004fbb600000,0x0000004fbb700000)]
  0x0000019fca109580 JavaThread "Catalina-utility-1" [_thread_in_vm, id=19916, stack(0x0000004fbbb00000,0x0000004fbbc00000)]
  0x0000019fca10c040 JavaThread "Catalina-utility-2" [_thread_in_vm, id=21952, stack(0x0000004fbbc00000,0x0000004fbbd00000)]
  0x0000019fca109030 JavaThread "container-0" [_thread_blocked, id=1408, stack(0x0000004fbbd00000,0x0000004fbbe00000)]
  0x0000019fca1b5640 JavaThread "PostgreSQL-JDBC-Cleaner" daemon [_thread_blocked, id=21380, stack(0x0000004fbbf00000,0x0000004fbc000000)]
  0x0000019fcad0f140 JavaThread "HikariPool-1 housekeeper" daemon [_thread_blocked, id=19384, stack(0x0000004fbc000000,0x0000004fbc100000)]
  0x0000019fcb6b0570 JavaThread "C1 CompilerThread1" daemon [_thread_blocked, id=15516, stack(0x0000004fbb700000,0x0000004fbb800000)]

Other Threads:
  0x0000019f845c8c20 VMThread "VM Thread" [stack: 0x0000004fbab00000,0x0000004fbac00000] [id=14520] _threads_hazard_ptr=0x0000019fcb5a87b0
  0x0000019f845b8020 WatcherThread [stack: 0x0000004fbb500000,0x0000004fbb600000] [id=17096]
  0x0000019ff35b5910 GCTaskThread "GC Thread#0" [stack: 0x0000004fba600000,0x0000004fba700000] [id=18516]
  0x0000019fca347d90 GCTaskThread "GC Thread#1" [stack: 0x0000004fbb800000,0x0000004fbb900000] [id=18352]
  0x0000019fca3795a0 GCTaskThread "GC Thread#2" [stack: 0x0000004fbb900000,0x0000004fbba00000] [id=21708]
  0x0000019fca379870 GCTaskThread "GC Thread#3" [stack: 0x0000004fbba00000,0x0000004fbbb00000] [id=14360]
  0x0000019ff35be1b0 ConcurrentGCThread "G1 Main Marker" [stack: 0x0000004fba700000,0x0000004fba800000] [id=20624]
  0x0000019ff35bfbe0 ConcurrentGCThread "G1 Conc#0" [stack: 0x0000004fba800000,0x0000004fba900000] [id=8312]
  0x0000019ff35fcf40 ConcurrentGCThread "G1 Refine#0" [stack: 0x0000004fba900000,0x0000004fbaa00000] [id=19996]
  0x0000019ff3600fa0 ConcurrentGCThread "G1 Service" [stack: 0x0000004fbaa00000,0x0000004fbab00000] [id=14768]

Threads with active compile tasks:

VM state: synchronizing (normal execution)

VM Mutex/Monitor currently owned by a thread:  ([mutex/lock_event])
[0x0000019ff3571080] Metaspace_lock - owner thread: 0x0000019ff3577fe0
[0x0000019ff3571b30] Threads_lock - owner thread: 0x0000019f845c8c20

Heap address: 0x00000000c3600000, size: 970 MB, Compressed Oops mode: 32-bit

CDS archive(s) mapped at: [0x0000019f85000000-0x0000019f85c00000-0x0000019f85c00000), size 12582912, SharedBaseAddress: 0x0000019f85000000, ArchiveRelocationMode: 1.
Compressed class space mapped at: 0x0000019f86000000-0x0000019fc6000000, reserved size: 1073741824
Narrow klass base: 0x0000019f85000000, Narrow klass shift: 0, Narrow klass range: 0x100000000

GC Precious Log:
 CPUs: 4 total, 4 available
 Memory: 3875M
 Large Page Support: Disabled
 NUMA Support: Disabled
 Compressed Oops: Enabled (32-bit)
 Heap Region Size: 1M
 Heap Min Capacity: 8M
 Heap Initial Capacity: 62M
 Heap Max Capacity: 970M
 Pre-touch: Disabled
 Parallel Workers: 4
 Concurrent Workers: 1
 Concurrent Refinement Workers: 4
 Periodic GC: Disabled

Heap:
 garbage-first heap   total 55296K, used 31310K [0x00000000c3600000, 0x0000000100000000)
  region size 1024K, 12 young (12288K), 3 survivors (3072K)
 Metaspace       used 52130K, committed 52608K, reserved 1114112K
  class space    used 7483K, committed 7744K, reserved 1048576K

Heap Regions: E=young(eden), S=young(survivor), O=old, HS=humongous(starts), HC=humongous(continues), CS=collection set, F=free, OA=open archive, CA=closed archive, TAMS=top-at-mark-start (previous, next)
|   0|0x00000000c3600000, 0x00000000c3700000, 0x00000000c3700000|100%|HS|  |TAMS 0x00000000c3700000, 0x00000000c3600000| Complete 
|   1|0x00000000c3700000, 0x00000000c3800000, 0x00000000c3800000|100%| O|  |TAMS 0x00000000c3800000, 0x00000000c3700000| Untracked 
|   2|0x00000000c3800000, 0x00000000c3900000, 0x00000000c3900000|100%| O|  |TAMS 0x00000000c3900000, 0x00000000c3800000| Untracked 
|   3|0x00000000c3900000, 0x00000000c3a00000, 0x00000000c3a00000|100%| O|  |TAMS 0x00000000c3a00000, 0x00000000c3900000| Untracked 
|   4|0x00000000c3a00000, 0x00000000c3b00000, 0x00000000c3b00000|100%| O|  |TAMS 0x00000000c3b00000, 0x00000000c3a00000| Untracked 
|   5|0x00000000c3b00000, 0x00000000c3c00000, 0x00000000c3c00000|100%| O|  |TAMS 0x00000000c3c00000, 0x00000000c3b00000| Untracked 
|   6|0x00000000c3c00000, 0x00000000c3d00000, 0x00000000c3d00000|100%| O|  |TAMS 0x00000000c3d00000, 0x00000000c3c00000| Untracked 
|   7|0x00000000c3d00000, 0x00000000c3e00000, 0x00000000c3e00000|100%| O|  |TAMS 0x00000000c3e00000, 0x00000000c3d00000| Untracked 
|   8|0x00000000c3e00000, 0x00000000c3f00000, 0x00000000c3f00000|100%| O|  |TAMS 0x00000000c3f00000, 0x00000000c3e00000| Untracked 
|   9|0x00000000c3f00000, 0x00000000c4000000, 0x00000000c4000000|100%| O|  |TAMS 0x00000000c4000000, 0x00000000c3f00000| Untracked 
|  10|0x00000000c4000000, 0x00000000c40f0e00, 0x00000000c4100000| 94%| O|  |TAMS 0x00000000c40f0e00, 0x00000000c4000000| Untracked 
|  11|0x00000000c4100000, 0x00000000c4200000, 0x00000000c4200000|100%| O|  |TAMS 0x00000000c4200000, 0x00000000c4100000| Untracked 
|  12|0x00000000c4200000, 0x00000000c4300000, 0x00000000c4300000|100%| O|  |TAMS 0x00000000c4300000, 0x00000000c4200000| Untracked 
|  13|0x00000000c4300000, 0x00000000c4400000, 0x00000000c4400000|100%| O|  |TAMS 0x00000000c4400000, 0x00000000c4300000| Untracked 
|  14|0x00000000c4400000, 0x00000000c4500000, 0x00000000c4500000|100%| O|  |TAMS 0x00000000c4500000, 0x00000000c4400000| Untracked 
|  15|0x00000000c4500000, 0x00000000c4600000, 0x00000000c4600000|100%| O|  |TAMS 0x00000000c4600000, 0x00000000c4500000| Untracked 
|  16|0x00000000c4600000, 0x00000000c4700000, 0x00000000c4700000|100%| O|  |TAMS 0x00000000c4640400, 0x00000000c4600000| Untracked 
|  17|0x00000000c4700000, 0x00000000c4800000, 0x00000000c4800000|100%| O|  |TAMS 0x00000000c4700000, 0x00000000c4700000| Untracked 
|  18|0x00000000c4800000, 0x00000000c4900000, 0x00000000c4900000|100%| O|  |TAMS 0x00000000c4800000, 0x00000000c4800000| Untracked 
|  19|0x00000000c4900000, 0x00000000c4a00000, 0x00000000c4a00000|100%| O|  |TAMS 0x00000000c4900000, 0x00000000c4900000| Untracked 
|  20|0x00000000c4a00000, 0x00000000c4a45000, 0x00000000c4b00000| 26%| O|  |TAMS 0x00000000c4a00000, 0x00000000c4a00000| Untracked 
|  21|0x00000000c4b00000, 0x00000000c4b00000, 0x00000000c4c00000|  0%| F|  |TAMS 0x00000000c4b00000, 0x00000000c4b00000| Untracked 
|  22|0x00000000c4c00000, 0x00000000c4c00000, 0x00000000c4d00000|  0%| F|  |TAMS 0x00000000c4c00000, 0x00000000c4c00000| Untracked 
|  23|0x00000000c4d00000, 0x00000000c4d00000, 0x00000000c4e00000|  0%| F|  |TAMS 0x00000000c4d00000, 0x00000000c4d00000| Untracked 
|  24|0x00000000c4e00000, 0x00000000c4e00000, 0x00000000c4f00000|  0%| F|  |TAMS 0x00000000c4e00000, 0x00000000c4e00000| Untracked 
|  25|0x00000000c4f00000, 0x00000000c4f00000, 0x00000000c5000000|  0%| F|  |TAMS 0x00000000c4f00000, 0x00000000c4f00000| Untracked 
|  26|0x00000000c5000000, 0x00000000c5000000, 0x00000000c5100000|  0%| F|  |TAMS 0x00000000c5000000, 0x00000000c5000000| Untracked 
|  27|0x00000000c5100000, 0x00000000c515dd80, 0x00000000c5200000| 36%| S|CS|TAMS 0x00000000c5100000, 0x00000000c5100000| Complete 
|  28|0x00000000c5200000, 0x00000000c5200000, 0x00000000c5300000|  0%| F|  |TAMS 0x00000000c5200000, 0x00000000c5200000| Untracked 
|  29|0x00000000c5300000, 0x00000000c5400000, 0x00000000c5400000|100%| S|CS|TAMS 0x00000000c5300000, 0x00000000c5300000| Complete 
|  30|0x00000000c5400000, 0x00000000c5500000, 0x00000000c5500000|100%| S|CS|TAMS 0x00000000c5400000, 0x00000000c5400000| Complete 
|  31|0x00000000c5500000, 0x00000000c5500000, 0x00000000c5600000|  0%| F|  |TAMS 0x00000000c5500000, 0x00000000c5500000| Untracked 
|  32|0x00000000c5600000, 0x00000000c5600000, 0x00000000c5700000|  0%| F|  |TAMS 0x00000000c5600000, 0x00000000c5600000| Untracked 
|  33|0x00000000c5700000, 0x00000000c5700000, 0x00000000c5800000|  0%| F|  |TAMS 0x00000000c5700000, 0x00000000c5700000| Untracked 
|  34|0x00000000c5800000, 0x00000000c5800000, 0x00000000c5900000|  0%| F|  |TAMS 0x00000000c5800000, 0x00000000c5800000| Untracked 
|  35|0x00000000c5900000, 0x00000000c5900000, 0x00000000c5a00000|  0%| F|  |TAMS 0x00000000c5900000, 0x00000000c5900000| Untracked 
|  36|0x00000000c5a00000, 0x00000000c5a00000, 0x00000000c5b00000|  0%| F|  |TAMS 0x00000000c5a00000, 0x00000000c5a00000| Untracked 
|  37|0x00000000c5b00000, 0x00000000c5b00000, 0x00000000c5c00000|  0%| F|  |TAMS 0x00000000c5b00000, 0x00000000c5b00000| Untracked 
|  38|0x00000000c5c00000, 0x00000000c5c00000, 0x00000000c5d00000|  0%| F|  |TAMS 0x00000000c5c00000, 0x00000000c5c00000| Untracked 
|  39|0x00000000c5d00000, 0x00000000c5d00000, 0x00000000c5e00000|  0%| F|  |TAMS 0x00000000c5d00000, 0x00000000c5d00000| Untracked 
|  40|0x00000000c5e00000, 0x00000000c5e00000, 0x00000000c5f00000|  0%| F|  |TAMS 0x00000000c5e00000, 0x00000000c5e00000| Untracked 
|  41|0x00000000c5f00000, 0x00000000c5f00000, 0x00000000c6000000|  0%| F|  |TAMS 0x00000000c5f00000, 0x00000000c5f00000| Untracked 
|  42|0x00000000c6000000, 0x00000000c6000000, 0x00000000c6100000|  0%| F|  |TAMS 0x00000000c6000000, 0x00000000c6000000| Untracked 
|  43|0x00000000c6100000, 0x00000000c6100000, 0x00000000c6200000|  0%| F|  |TAMS 0x00000000c6100000, 0x00000000c6100000| Untracked 
|  44|0x00000000c6200000, 0x00000000c6200000, 0x00000000c6300000|  0%| F|  |TAMS 0x00000000c6200000, 0x00000000c6200000| Untracked 
|  45|0x00000000c6300000, 0x00000000c6400000, 0x00000000c6400000|100%| E|  |TAMS 0x00000000c6300000, 0x00000000c6300000| Complete 
|  46|0x00000000c6400000, 0x00000000c6500000, 0x00000000c6500000|100%| E|CS|TAMS 0x00000000c6400000, 0x00000000c6400000| Complete 
|  47|0x00000000c6500000, 0x00000000c6600000, 0x00000000c6600000|100%| E|CS|TAMS 0x00000000c6500000, 0x00000000c6500000| Complete 
|  48|0x00000000c6600000, 0x00000000c6700000, 0x00000000c6700000|100%| E|CS|TAMS 0x00000000c6600000, 0x00000000c6600000| Complete 
|  49|0x00000000c6700000, 0x00000000c6800000, 0x00000000c6800000|100%| E|CS|TAMS 0x00000000c6700000, 0x00000000c6700000| Complete 
|  50|0x00000000c6800000, 0x00000000c6900000, 0x00000000c6900000|100%| E|CS|TAMS 0x00000000c6800000, 0x00000000c6800000| Complete 
|  51|0x00000000c6900000, 0x00000000c6a00000, 0x00000000c6a00000|100%| E|CS|TAMS 0x00000000c6900000, 0x00000000c6900000| Complete 
|  52|0x00000000c6a00000, 0x00000000c6b00000, 0x00000000c6b00000|100%| E|CS|TAMS 0x00000000c6a00000, 0x00000000c6a00000| Complete 
|  61|0x00000000c7300000, 0x00000000c7400000, 0x00000000c7400000|100%| E|CS|TAMS 0x00000000c7300000, 0x00000000c7300000| Complete 

Card table byte_map: [0x0000019fffd20000,0x0000019ffff10000] _byte_map_base: 0x0000019fff705000

Marking Bits (Prev, Next): (CMBitMap*) 0x0000019ff35b5f40, (CMBitMap*) 0x0000019ff35b5f80
 Prev Bits: [0x0000019f801f0000, 0x0000019f81118000)
 Next Bits: [0x0000019f81120000, 0x0000019f82048000)

Polling page: 0x0000019ff3280000

Metaspace:

Usage:
  Non-class:     43.60 MB used.
      Class:      7.31 MB used.
       Both:     50.91 MB used.

Virtual space:
  Non-class space:       64.00 MB reserved,      43.81 MB ( 68%) committed,  1 nodes.
      Class space:        1.00 GB reserved,       7.56 MB ( <1%) committed,  1 nodes.
             Both:        1.06 GB reserved,      51.38 MB (  5%) committed. 

Chunk freelists:
   Non-Class:  3.30 MB
       Class:  8.48 MB
        Both:  11.77 MB

MaxMetaspaceSize: unlimited
CompressedClassSpaceSize: 1.00 GB
Initial GC threshold: 21.00 MB
Current GC threshold: 59.00 MB
CDS: on
MetaspaceReclaimPolicy: balanced
 - commit_granule_bytes: 65536.
 - commit_granule_words: 8192.
 - virtual_space_node_default_size: 8388608.
 - enlarge_chunks_in_place: 1.
 - new_chunks_are_fully_committed: 0.
 - uncommit_free_chunks: 1.
 - use_allocation_guard: 0.
 - handle_deallocations: 1.


Internal statistics:

num_allocs_failed_limit: 6.
num_arena_births: 662.
num_arena_deaths: 0.
num_vsnodes_births: 2.
num_vsnodes_deaths: 0.
num_space_committed: 822.
num_space_uncommitted: 0.
num_chunks_returned_to_freelist: 6.
num_chunks_taken_from_freelist: 2566.
num_chunk_merges: 6.
num_chunk_splits: 1905.
num_chunks_enlarged: 1526.
num_inconsistent_stats: 0.

CodeCache: size=49152Kb used=8667Kb max_used=8667Kb free=40484Kb
 bounds [0x0000019ffc6f0000, 0x0000019ffcf80000, 0x0000019fff6f0000]
 total_blobs=5175 nmethods=4549 adapters=552
 compilation: enabled
              stopped_count=0, restarted_count=0
 full_count=0

Compilation events (20 events):
Event: 15.643 Thread 0x0000019f845f1470 nmethod 4540 0x0000019ffc829a90 code [0x0000019ffc829c40, 0x0000019ffc829d88]
Event: 15.643 Thread 0x0000019f845f1470 4541       1       org.springframework.data.repository.core.support.MethodLookups$RepositoryAwareMethodLookup::lambda$getLookups$0 (12 bytes)
Event: 15.643 Thread 0x0000019f845f1470 nmethod 4541 0x0000019ffc829710 code [0x0000019ffc8298a0, 0x0000019ffc829988]
Event: 15.643 Thread 0x0000019f845f1470 4542       1       org.springframework.data.repository.core.support.MethodLookups$RepositoryAwareMethodLookup$$Lambda$1175/0x0000019f86784000::<init> (10 bytes)
Event: 15.643 Thread 0x0000019f845f1470 nmethod 4542 0x0000019ffc829410 code [0x0000019ffc8295a0, 0x0000019ffc8296b8]
Event: 15.643 Thread 0x0000019f845f1470 4543       1       org.springframework.data.repository.core.support.MethodLookups$RepositoryAwareMethodLookup$$Lambda$1176/0x0000019f86784258::<init> (15 bytes)
Event: 15.643 Thread 0x0000019f845f1470 nmethod 4543 0x0000019ffc829090 code [0x0000019ffc829220, 0x0000019ffc829378]
Event: 15.644 Thread 0x0000019fcb6b0570 nmethod 4538 0x0000019ffc828190 code [0x0000019ffc8283e0, 0x0000019ffc828c38]
Event: 15.644 Thread 0x0000019f845f1470 4544       1       org.springframework.data.util.Streamable$$Lambda$422/0x0000019f862bc820::iterator (10 bytes)
Event: 15.644 Thread 0x0000019f845f1470 nmethod 4544 0x0000019ffc827e90 code [0x0000019ffc828020, 0x0000019ffc828108]
Event: 15.649 Thread 0x0000019f845f1470 4545       1       org.springframework.data.repository.core.support.RepositoryComposition$RepositoryFragments$$Lambda$1157/0x0000019f86775588::apply (10 bytes)
Event: 15.649 Thread 0x0000019f845f1470 nmethod 4545 0x0000019ffc827b10 code [0x0000019ffc827ca0, 0x0000019ffc827de8]
Event: 15.649 Thread 0x0000019fcb6b0570 4546       1       org.springframework.data.repository.core.support.RepositoryFragment::methods (13 bytes)
Event: 15.649 Thread 0x0000019fcb6b0570 nmethod 4546 0x0000019ffc827310 code [0x0000019ffc827520, 0x0000019ffc827868]
Event: 15.663 Thread 0x0000019f845f1470 4547       1       java.util.concurrent.atomic.AtomicReferenceArray::get (12 bytes)
Event: 15.663 Thread 0x0000019fcb6b0570 4548       1       java.lang.invoke.VarHandleGuards::guard_LI_L (89 bytes)
Event: 15.664 Thread 0x0000019f845f1470 nmethod 4547 0x0000019ffc826b90 code [0x0000019ffc826d60, 0x0000019ffc827108]
Event: 15.664 Thread 0x0000019f845f1470 4549       1       java.lang.invoke.VarHandleReferences$Array::getVolatile (49 bytes)
Event: 15.664 Thread 0x0000019f845f1470 nmethod 4549 0x0000019ffc826110 code [0x0000019ffc826300, 0x0000019ffc826888]
Event: 15.664 Thread 0x0000019fcb6b0570 nmethod 4548 0x0000019ffc824b90 code [0x0000019ffc824e40, 0x0000019ffc825a48]

GC Heap History (20 events):
Event: 2.780 GC heap before
{Heap before GC invocations=3 (full 0):
 garbage-first heap   total 63488K, used 37365K [0x00000000c3600000, 0x0000000100000000)
  region size 1024K, 32 young (32768K), 3 survivors (3072K)
 Metaspace       used 16066K, committed 16320K, reserved 1114112K
  class space    used 2156K, committed 2304K, reserved 1048576K
}
Event: 2.789 GC heap after
{Heap after GC invocations=4 (full 0):
 garbage-first heap   total 63488K, used 11673K [0x00000000c3600000, 0x0000000100000000)
  region size 1024K, 4 young (4096K), 4 survivors (4096K)
 Metaspace       used 16066K, committed 16320K, reserved 1114112K
  class space    used 2156K, committed 2304K, reserved 1048576K
}
Event: 4.239 GC heap before
{Heap before GC invocations=4 (full 0):
 garbage-first heap   total 63488K, used 42393K [0x00000000c3600000, 0x0000000100000000)
  region size 1024K, 34 young (34816K), 4 survivors (4096K)
 Metaspace       used 19829K, committed 20160K, reserved 1114112K
  class space    used 2735K, committed 2880K, reserved 1048576K
}
Event: 4.253 GC heap after
{Heap after GC invocations=5 (full 0):
 garbage-first heap   total 63488K, used 13958K [0x00000000c3600000, 0x0000000100000000)
  region size 1024K, 3 young (3072K), 3 survivors (3072K)
 Metaspace       used 19829K, committed 20160K, reserved 1114112K
  class space    used 2735K, committed 2880K, reserved 1048576K
}
Event: 4.835 GC heap before
{Heap before GC invocations=5 (full 0):
 garbage-first heap   total 63488K, used 22150K [0x00000000c3600000, 0x0000000100000000)
  region size 1024K, 12 young (12288K), 3 survivors (3072K)
 Metaspace       used 21158K, committed 21504K, reserved 1114112K
  class space    used 2943K, committed 3072K, reserved 1048576K
}
Event: 4.844 GC heap after
{Heap after GC invocations=6 (full 0):
 garbage-first heap   total 63488K, used 14530K [0x00000000c3600000, 0x0000000100000000)
  region size 1024K, 4 young (4096K), 4 survivors (4096K)
 Metaspace       used 21158K, committed 21504K, reserved 1114112K
  class space    used 2943K, committed 3072K, reserved 1048576K
}
Event: 6.095 GC heap before
{Heap before GC invocations=7 (full 0):
 garbage-first heap   total 55296K, used 43202K [0x00000000c3600000, 0x0000000100000000)
  region size 1024K, 32 young (32768K), 4 survivors (4096K)
 Metaspace       used 26068K, committed 26432K, reserved 1114112K
  class space    used 3658K, committed 3840K, reserved 1048576K
}
Event: 6.102 GC heap after
{Heap after GC invocations=8 (full 0):
 garbage-first heap   total 55296K, used 16981K [0x00000000c3600000, 0x0000000100000000)
  region size 1024K, 4 young (4096K), 4 survivors (4096K)
 Metaspace       used 26068K, committed 26432K, reserved 1114112K
  class space    used 3658K, committed 3840K, reserved 1048576K
}
Event: 6.972 GC heap before
{Heap before GC invocations=8 (full 0):
 garbage-first heap   total 55296K, used 39509K [0x00000000c3600000, 0x0000000100000000)
  region size 1024K, 26 young (26624K), 4 survivors (4096K)
 Metaspace       used 30976K, committed 31424K, reserved 1114112K
  class space    used 4370K, committed 4608K, reserved 1048576K
}
Event: 6.978 GC heap after
{Heap after GC invocations=9 (full 0):
 garbage-first heap   total 55296K, used 17762K [0x00000000c3600000, 0x0000000100000000)
  region size 1024K, 2 young (2048K), 2 survivors (2048K)
 Metaspace       used 30976K, committed 31424K, reserved 1114112K
  class space    used 4370K, committed 4608K, reserved 1048576K
}
Event: 8.192 GC heap before
{Heap before GC invocations=9 (full 0):
 garbage-first heap   total 55296K, used 35170K [0x00000000c3600000, 0x0000000100000000)
  region size 1024K, 20 young (20480K), 2 survivors (2048K)
 Metaspace       used 35709K, committed 36096K, reserved 1114112K
  class space    used 5025K, committed 5184K, reserved 1048576K
}
Event: 8.196 GC heap after
{Heap after GC invocations=10 (full 0):
 garbage-first heap   total 55296K, used 18597K [0x00000000c3600000, 0x0000000100000000)
  region size 1024K, 2 young (2048K), 2 survivors (2048K)
 Metaspace       used 35709K, committed 36096K, reserved 1114112K
  class space    used 5025K, committed 5184K, reserved 1048576K
}
Event: 9.227 GC heap before
{Heap before GC invocations=11 (full 0):
 garbage-first heap   total 55296K, used 42149K [0x00000000c3600000, 0x0000000100000000)
  region size 1024K, 25 young (25600K), 2 survivors (2048K)
 Metaspace       used 40193K, committed 40640K, reserved 1114112K
  class space    used 5605K, committed 5824K, reserved 1048576K
}
Event: 9.233 GC heap after
{Heap after GC invocations=12 (full 0):
 garbage-first heap   total 55296K, used 19893K [0x00000000c3600000, 0x0000000100000000)
  region size 1024K, 4 young (4096K), 4 survivors (4096K)
 Metaspace       used 40193K, committed 40640K, reserved 1114112K
  class space    used 5605K, committed 5824K, reserved 1048576K
}
Event: 10.402 GC heap before
{Heap before GC invocations=12 (full 0):
 garbage-first heap   total 55296K, used 41397K [0x00000000c3600000, 0x0000000100000000)
  region size 1024K, 26 young (26624K), 4 survivors (4096K)
 Metaspace       used 45766K, committed 46208K, reserved 1114112K
  class space    used 6591K, committed 6848K, reserved 1048576K
}
Event: 10.409 GC heap after
{Heap after GC invocations=13 (full 0):
 garbage-first heap   total 55296K, used 20715K [0x00000000c3600000, 0x0000000100000000)
  region size 1024K, 3 young (3072K), 3 survivors (3072K)
 Metaspace       used 45766K, committed 46208K, reserved 1114112K
  class space    used 6591K, committed 6848K, reserved 1048576K
}
Event: 13.288 GC heap before
{Heap before GC invocations=13 (full 0):
 garbage-first heap   total 55296K, used 42219K [0x00000000c3600000, 0x0000000100000000)
  region size 1024K, 24 young (24576K), 3 survivors (3072K)
 Metaspace       used 49774K, committed 50304K, reserved 1114112K
  class space    used 7160K, committed 7424K, reserved 1048576K
}
Event: 13.292 GC heap after
{Heap after GC invocations=14 (full 0):
 garbage-first heap   total 55296K, used 21866K [0x00000000c3600000, 0x0000000100000000)
  region size 1024K, 2 young (2048K), 2 survivors (2048K)
 Metaspace       used 49774K, committed 50304K, reserved 1114112K
  class space    used 7160K, committed 7424K, reserved 1048576K
}
Event: 15.622 GC heap before
{Heap before GC invocations=14 (full 0):
 garbage-first heap   total 55296K, used 44394K [0x00000000c3600000, 0x0000000100000000)
  region size 1024K, 24 young (24576K), 2 survivors (2048K)
 Metaspace       used 51941K, committed 52416K, reserved 1114112K
  class space    used 7457K, committed 7680K, reserved 1048576K
}
Event: 15.627 GC heap after
{Heap after GC invocations=15 (full 0):
 garbage-first heap   total 55296K, used 23118K [0x00000000c3600000, 0x0000000100000000)
  region size 1024K, 3 young (3072K), 3 survivors (3072K)
 Metaspace       used 51941K, committed 52416K, reserved 1114112K
  class space    used 7457K, committed 7680K, reserved 1048576K
}

Dll operation events (10 events):
Event: 0.025 Loaded shared library C:\Program Files\Java\zulu17.44.53-ca-jdk17.0.8.1-win_x64\bin\java.dll
Event: 0.060 Loaded shared library C:\Program Files\Java\zulu17.44.53-ca-jdk17.0.8.1-win_x64\bin\jsvml.dll
Event: 0.210 Loaded shared library C:\Program Files\Java\zulu17.44.53-ca-jdk17.0.8.1-win_x64\bin\net.dll
Event: 0.240 Loaded shared library C:\Program Files\Java\zulu17.44.53-ca-jdk17.0.8.1-win_x64\bin\nio.dll
Event: 0.252 Loaded shared library C:\Program Files\Java\zulu17.44.53-ca-jdk17.0.8.1-win_x64\bin\zip.dll
Event: 0.671 Loaded shared library C:\Program Files\Java\zulu17.44.53-ca-jdk17.0.8.1-win_x64\bin\jimage.dll
Event: 2.280 Loaded shared library C:\Program Files\Java\zulu17.44.53-ca-jdk17.0.8.1-win_x64\bin\sunmscapi.dll
Event: 5.797 Loaded shared library C:\Program Files\Java\zulu17.44.53-ca-jdk17.0.8.1-win_x64\bin\management.dll
Event: 5.800 Loaded shared library C:\Program Files\Java\zulu17.44.53-ca-jdk17.0.8.1-win_x64\bin\management_ext.dll
Event: 6.829 Loaded shared library C:\Program Files\Java\zulu17.44.53-ca-jdk17.0.8.1-win_x64\bin\verify.dll

Deoptimization events (14 events):
Event: 1.926 Thread 0x0000019ff3577fe0 DEOPT PACKING pc=0x0000019ffcaebf99 sp=0x0000004fba5fd560
Event: 1.926 Thread 0x0000019ff3577fe0 DEOPT UNPACKING pc=0x0000019ffc74ace3 sp=0x0000004fba5fca40 mode 3
Event: 2.409 Thread 0x0000019ff3577fe0 DEOPT PACKING pc=0x0000019ffcb6b7d5 sp=0x0000004fba5fda70
Event: 2.409 Thread 0x0000019ff3577fe0 DEOPT UNPACKING pc=0x0000019ffc74ace3 sp=0x0000004fba5fcf18 mode 3
Event: 4.714 Thread 0x0000019ff3577fe0 DEOPT PACKING pc=0x0000019ffcc8deec sp=0x0000004fba5fd320
Event: 4.715 Thread 0x0000019ff3577fe0 DEOPT UNPACKING pc=0x0000019ffc74ace3 sp=0x0000004fba5fc7d8 mode 0
Event: 5.925 Thread 0x0000019ff3577fe0 DEOPT PACKING pc=0x0000019ffcdb429d sp=0x0000004fba5fc7d0
Event: 5.925 Thread 0x0000019ff3577fe0 DEOPT UNPACKING pc=0x0000019ffc74ace3 sp=0x0000004fba5fbd38 mode 3
Event: 5.966 Thread 0x0000019ff3577fe0 DEOPT PACKING pc=0x0000019ffcb31a81 sp=0x0000004fba5fea20
Event: 5.966 Thread 0x0000019ff3577fe0 DEOPT UNPACKING pc=0x0000019ffc74ace3 sp=0x0000004fba5fdeb0 mode 3
Event: 5.966 Thread 0x0000019fca109580 DEOPT PACKING pc=0x0000019ffcafdc17 sp=0x0000004fbbbfee90
Event: 5.966 Thread 0x0000019fca109580 DEOPT UNPACKING pc=0x0000019ffc74ace3 sp=0x0000004fbbbfe2e8 mode 3
Event: 14.473 Thread 0x0000019ff3577fe0 DEOPT PACKING pc=0x0000019ffcb993a4 sp=0x0000004fba5fd280
Event: 14.473 Thread 0x0000019ff3577fe0 DEOPT UNPACKING pc=0x0000019ffc74ace3 sp=0x0000004fba5fc7d8 mode 0

Classes unloaded (0 events):
No events

Classes redefined (0 events):
No events

Internal exceptions (20 events):
Event: 9.194 Thread 0x0000019ff3577fe0 Exception <a 'java/lang/NoSuchMethodError'{0x00000000c531d020}: 'java.lang.Object java.lang.invoke.DirectMethodHandle$Holder.invokeStaticInit(java.lang.Object, java.lang.Object, int, java.lang.Object)'> (0x00000000c531d020) 
thrown [s\src\hotspot\share\interpreter\linkResolver.cpp, line 759]
Event: 11.616 Thread 0x0000019ff3577fe0 Exception <a 'java/lang/NoSuchMethodError'{0x00000000c66affb0}: 'void java.lang.invoke.DirectMethodHandle$Holder.invokeInterface(java.lang.Object, java.lang.Object, int, java.lang.Object)'> (0x00000000c66affb0) 
thrown [s\src\hotspot\share\interpreter\linkResolver.cpp, line 759]
Event: 11.625 Thread 0x0000019ff3577fe0 Exception <a 'java/lang/NoSuchMethodError'{0x00000000c66dee08}: 'java.lang.Object java.lang.invoke.DirectMethodHandle$Holder.newInvokeSpecial(java.lang.Object, java.lang.Object, int, java.lang.Object)'> (0x00000000c66dee08) 
thrown [s\src\hotspot\share\interpreter\linkResolver.cpp, line 759]
Event: 11.625 Thread 0x0000019ff3577fe0 Exception <a 'java/lang/NoSuchMethodError'{0x00000000c66e29d0}: 'java.lang.Object java.lang.invoke.Invokers$Holder.linkToTargetMethod(java.lang.Object, int, java.lang.Object, java.lang.Object)'> (0x00000000c66e29d0) 
thrown [s\src\hotspot\share\interpreter\linkResolver.cpp, line 759]
Event: 11.647 Thread 0x0000019ff3577fe0 Exception <a 'java/lang/NoSuchMethodError'{0x00000000c659ca58}: 'java.lang.Object java.lang.invoke.DirectMethodHandle$Holder.newInvokeSpecial(java.lang.Object, java.lang.Object, int)'> (0x00000000c659ca58) 
thrown [s\src\hotspot\share\interpreter\linkResolver.cpp, line 759]
Event: 11.703 Thread 0x0000019ff3577fe0 Exception <a 'java/lang/NoSuchMethodError'{0x00000000c632c278}: 'int java.lang.invoke.DirectMethodHandle$Holder.invokeStatic(java.lang.Object, int, java.lang.Object)'> (0x00000000c632c278) 
thrown [s\src\hotspot\share\interpreter\linkResolver.cpp, line 759]
Event: 11.709 Thread 0x0000019ff3577fe0 Exception <a 'java/lang/NoSuchMethodError'{0x00000000c6351dc8}: 'java.lang.Object java.lang.invoke.DirectMethodHandle$Holder.newInvokeSpecial(java.lang.Object, java.lang.Object, java.lang.Object, java.lang.Object, java.lang.Object, int, java.lang.Object)'> (0x00000000c6351dc8) 
thrown [s\src\hotspot\share\interpreter\linkResolver.cpp, line 759]
Event: 11.716 Thread 0x0000019ff3577fe0 Exception <a 'java/lang/NoSuchMethodError'{0x00000000c6391a28}: 'java.lang.Object java.lang.invoke.DirectMethodHandle$Holder.newInvokeSpecial(java.lang.Object, java.lang.Object, java.lang.Object, java.lang.Object, java.lang.Object, java.lang.Object, java.lang.Object, java.lang.Object, java.lang.Object, java.lang.Object, java.lang.Object, java.lang.Object)'> (0x00000000c6391a28) 
thrown [s\src\hotspot\share\interpreter\linkResolver.cpp, line 759]
Event: 11.716 Thread 0x0000019ff3577fe0 Exception <a 'java/lang/NoSuchMethodError'{0x00000000c63964c0}: 'java.lang.Object java.lang.invoke.DirectMethodHandle$Holder.invokeSpecial(java.lang.Object, java.lang.Object, java.lang.Object, java.lang.Object, java.lang.Object, java.lang.Object, java.lang.Object, java.lang.Object, java.lang.Object, java.lang.Object, java.lang.Object, java.lang.Object, java.lang.Object)'> (0x00000000c63964c0) 
thrown [s\src\hotspot\share\interpreter\linkResolver.cpp, line 759]
Event: 11.717 Thread 0x0000019ff3577fe0 Exception <a 'java/lang/NoSuchMethodError'{0x00000000c639abd8}: 'java.lang.Object java.lang.invoke.Invokers$Holder.linkToTargetMethod(java.lang.Object, java.lang.Object, java.lang.Object, java.lang.Object, java.lang.Object, java.lang.Object, java.lang.Object, java.lang.Object, java.lang.Object, java.lang.Object, java.lang.Object, java.lang.Object)'> (0x00000000c639abd8) 
thrown [s\src\hotspot\share\interpreter\linkResolver.cpp, line 759]
Event: 11.781 Thread 0x0000019ff3577fe0 Exception <a 'java/lang/NoSuchMethodError'{0x00000000c61a4528}: 'java.lang.Object java.lang.invoke.DirectMethodHandle$Holder.newInvokeSpecial(java.lang.Object, java.lang.Object, java.lang.Object, java.lang.Object, java.lang.Object, java.lang.Object)'> (0x00000000c61a4528) 
thrown [s\src\hotspot\share\interpreter\linkResolver.cpp, line 759]
Event: 11.800 Thread 0x0000019ff3577fe0 Exception <a 'java/lang/NoSuchMethodError'{0x00000000c602f8d0}: 'java.lang.Object java.lang.invoke.DirectMethodHandle$Holder.newInvokeSpecial(java.lang.Object, java.lang.Object, int, java.lang.Object, int, java.lang.Object, java.lang.Object)'> (0x00000000c602f8d0) 
thrown [s\src\hotspot\share\interpreter\linkResolver.cpp, line 759]
Event: 11.814 Thread 0x0000019ff3577fe0 Exception <a 'java/lang/NoSuchMethodError'{0x00000000c60b06d0}: 'java.lang.Object java.lang.invoke.DirectMethodHandle$Holder.newInvokeSpecial(java.lang.Object, java.lang.Object, java.lang.Object, java.lang.Object, java.lang.Object, java.lang.Object, java.lang.Object, int)'> (0x00000000c60b06d0) 
thrown [s\src\hotspot\share\interpreter\linkResolver.cpp, line 759]
Event: 11.814 Thread 0x0000019ff3577fe0 Exception <a 'java/lang/NoSuchMethodError'{0x00000000c60b56c8}: 'java.lang.Object java.lang.invoke.DirectMethodHandle$Holder.invokeSpecial(java.lang.Object, java.lang.Object, java.lang.Object, java.lang.Object, java.lang.Object, java.lang.Object, java.lang.Object, java.lang.Object, int)'> (0x00000000c60b56c8) 
thrown [s\src\hotspot\share\interpreter\linkResolver.cpp, line 759]
Event: 11.815 Thread 0x0000019ff3577fe0 Exception <a 'java/lang/NoSuchMethodError'{0x00000000c60ba190}: 'java.lang.Object java.lang.invoke.Invokers$Holder.linkToTargetMethod(java.lang.Object, java.lang.Object, java.lang.Object, java.lang.Object, java.lang.Object, java.lang.Object, int, java.lang.Object)'> (0x00000000c60ba190) 
thrown [s\src\hotspot\share\interpreter\linkResolver.cpp, line 759]
Event: 11.848 Thread 0x0000019ff3577fe0 Exception <a 'java/lang/NoSuchMethodError'{0x00000000c5fabd30}: 'void java.lang.invoke.DirectMethodHandle$Holder.invokeInterface(java.lang.Object, java.lang.Object)'> (0x00000000c5fabd30) 
thrown [s\src\hotspot\share\interpreter\linkResolver.cpp, line 759]
Event: 13.297 Thread 0x0000019ff3577fe0 Exception <a 'java/lang/IncompatibleClassChangeError'{0x00000000c7369268}: Found class java.lang.Object, but interface was expected> (0x00000000c7369268) 
thrown [s\src\hotspot\share\interpreter\linkResolver.cpp, line 826]
Event: 13.313 Thread 0x0000019ff3577fe0 Exception <a 'java/lang/IncompatibleClassChangeError'{0x00000000c73f0710}: Found class java.lang.Object, but interface was expected> (0x00000000c73f0710) 
thrown [s\src\hotspot\share\interpreter\linkResolver.cpp, line 826]
Event: 13.357 Thread 0x0000019ff3577fe0 Exception <a 'java/lang/IncompatibleClassChangeError'{0x00000000c6991490}: Found class java.lang.Object, but interface was expected> (0x00000000c6991490) 
thrown [s\src\hotspot\share\interpreter\linkResolver.cpp, line 826]
Event: 14.529 Thread 0x0000019ff3577fe0 Exception <a 'java/lang/IncompatibleClassChangeError'{0x00000000c62e4eb0}: Found class java.lang.Object, but interface was expected> (0x00000000c62e4eb0) 
thrown [s\src\hotspot\share\interpreter\linkResolver.cpp, line 826]

VM Operations (20 events):
Event: 10.409 Executing VM operation: G1CollectForAllocation done
Event: 11.411 Executing VM operation: Cleanup
Event: 11.616 Executing VM operation: Cleanup done
Event: 12.631 Executing VM operation: Cleanup
Event: 12.631 Executing VM operation: Cleanup done
Event: 13.288 Executing VM operation: G1CollectForAllocation
Event: 13.292 Executing VM operation: G1CollectForAllocation done
Event: 14.299 Executing VM operation: Cleanup
Event: 14.396 Executing VM operation: Cleanup done
Event: 14.473 Executing VM operation: HandshakeAllThreads
Event: 14.473 Executing VM operation: HandshakeAllThreads done
Event: 14.558 Executing VM operation: HandshakeAllThreads
Event: 14.558 Executing VM operation: HandshakeAllThreads done
Event: 14.559 Executing VM operation: HandshakeAllThreads
Event: 14.559 Executing VM operation: HandshakeAllThreads done
Event: 15.558 Executing VM operation: Cleanup
Event: 15.558 Executing VM operation: Cleanup done
Event: 15.622 Executing VM operation: G1CollectForAllocation
Event: 15.627 Executing VM operation: G1CollectForAllocation done
Event: 17.629 Executing VM operation: Cleanup

Events (20 events):
Event: 13.227 loading class java/lang/SafeVarargs
Event: 13.227 loading class java/lang/SafeVarargs done
Event: 13.234 loading class sun/reflect/generics/reflectiveObjects/GenericArrayTypeImpl
Event: 13.234 loading class sun/reflect/generics/reflectiveObjects/GenericArrayTypeImpl done
Event: 13.296 loading class java/util/concurrent/ConcurrentHashMap$TreeNode
Event: 13.297 loading class java/util/concurrent/ConcurrentHashMap$TreeNode done
Event: 13.297 loading class java/util/concurrent/ConcurrentHashMap$TreeBin
Event: 13.297 loading class java/util/concurrent/ConcurrentHashMap$TreeBin done
Event: 14.396 Thread 0x0000019fcae19560 Thread exited: 0x0000019fcae19560
Event: 14.481 loading class java/util/WeakHashMap$KeyIterator
Event: 14.481 loading class java/util/WeakHashMap$HashIterator
Event: 14.482 loading class java/util/WeakHashMap$HashIterator done
Event: 14.482 loading class java/util/WeakHashMap$KeyIterator done
Event: 14.482 loading class java/util/WeakHashMap$EntrySet
Event: 14.482 loading class java/util/WeakHashMap$EntrySet done
Event: 14.482 loading class java/util/WeakHashMap$EntryIterator
Event: 14.482 loading class java/util/WeakHashMap$EntryIterator done
Event: 14.484 Thread 0x0000019fcb6b0570 Thread added: 0x0000019fcb6b0570
Event: 14.534 loading class java/lang/Package$1PackageInfoProxy
Event: 14.535 loading class java/lang/Package$1PackageInfoProxy done


Dynamic libraries:
0x00007ff6e4b30000 - 0x00007ff6e4b3e000 	C:\Program Files\Java\zulu17.44.53-ca-jdk17.0.8.1-win_x64\bin\java.exe
0x00007ffe5bda0000 - 0x00007ffe5c007000 	C:\WINDOWS\SYSTEM32\ntdll.dll
0x00007ffe376e0000 - 0x00007ffe37700000 	C:\Program Files\Norton\Suite\aswhook.dll
0x00007ffe5a860000 - 0x00007ffe5a929000 	C:\WINDOWS\System32\KERNEL32.DLL
0x00007ffe59140000 - 0x00007ffe59530000 	C:\WINDOWS\System32\KERNELBASE.dll
0x00007ffe59540000 - 0x00007ffe5968b000 	C:\WINDOWS\System32\ucrtbase.dll
0x00007ffe32d60000 - 0x00007ffe32d79000 	C:\Program Files\Java\zulu17.44.53-ca-jdk17.0.8.1-win_x64\bin\jli.dll
0x00007ffe3f940000 - 0x00007ffe3f95b000 	C:\Program Files\Java\zulu17.44.53-ca-jdk17.0.8.1-win_x64\bin\VCRUNTIME140.dll
0x00007ffe5a160000 - 0x00007ffe5a325000 	C:\WINDOWS\System32\USER32.dll
0x00007ffe58ed0000 - 0x00007ffe58ef7000 	C:\WINDOWS\System32\win32u.dll
0x00007ffe59bb0000 - 0x00007ffe59bdb000 	C:\WINDOWS\System32\GDI32.dll
0x00007ffe59690000 - 0x00007ffe597c8000 	C:\WINDOWS\System32\gdi32full.dll
0x00007ffe599f0000 - 0x00007ffe59a93000 	C:\WINDOWS\System32\msvcp_win.dll
0x00007ffe44850000 - 0x00007ffe44aea000 	C:\WINDOWS\WinSxS\amd64_microsoft.windows.common-controls_6595b64144ccf1df_6.0.26100.4768_none_3e0c112ce331287c\COMCTL32.dll
0x00007ffe5aeb0000 - 0x00007ffe5af59000 	C:\WINDOWS\System32\msvcrt.dll
0x00007ffe5aa70000 - 0x00007ffe5aa9f000 	C:\WINDOWS\System32\IMM32.DLL
0x00007ffe40370000 - 0x00007ffe4037c000 	C:\Program Files\Java\zulu17.44.53-ca-jdk17.0.8.1-win_x64\bin\vcruntime140_1.dll
0x00007ffe12e00000 - 0x00007ffe12e8d000 	C:\Program Files\Java\zulu17.44.53-ca-jdk17.0.8.1-win_x64\bin\msvcp140.dll
0x00007ffdb1e20000 - 0x00007ffdb2a88000 	C:\Program Files\Java\zulu17.44.53-ca-jdk17.0.8.1-win_x64\bin\server\jvm.dll
0x00007ffe5bca0000 - 0x00007ffe5bd54000 	C:\WINDOWS\System32\ADVAPI32.dll
0x00007ffe59d20000 - 0x00007ffe59dc6000 	C:\WINDOWS\System32\sechost.dll
0x00007ffe59dd0000 - 0x00007ffe59ee8000 	C:\WINDOWS\System32\RPCRT4.dll
0x00007ffe581d0000 - 0x00007ffe5822e000 	C:\WINDOWS\SYSTEM32\POWRPROF.dll
0x00007ffe42030000 - 0x00007ffe42065000 	C:\WINDOWS\SYSTEM32\WINMM.dll
0x00007ffe484a0000 - 0x00007ffe484ab000 	C:\WINDOWS\SYSTEM32\VERSION.dll
0x00007ffe3bd50000 - 0x00007ffe3bd5a000 	C:\WINDOWS\SYSTEM32\WSOCK32.dll
0x00007ffe59ef0000 - 0x00007ffe59f64000 	C:\WINDOWS\System32\WS2_32.dll
0x00007ffe58090000 - 0x00007ffe580a4000 	C:\WINDOWS\SYSTEM32\UMPDC.dll
0x00007ffe57cc0000 - 0x00007ffe57cdb000 	C:\WINDOWS\SYSTEM32\kernel.appcore.dll
0x00007ffe37490000 - 0x00007ffe3749a000 	C:\Program Files\Java\zulu17.44.53-ca-jdk17.0.8.1-win_x64\bin\jimage.dll
0x00007ffe56590000 - 0x00007ffe567d1000 	C:\WINDOWS\SYSTEM32\DBGHELP.DLL
0x00007ffe5a4b0000 - 0x00007ffe5a835000 	C:\WINDOWS\System32\combase.dll
0x00007ffe5a930000 - 0x00007ffe5aa10000 	C:\WINDOWS\System32\OLEAUT32.dll
0x00007ffe48250000 - 0x00007ffe48293000 	C:\WINDOWS\SYSTEM32\dbgcore.DLL
0x00007ffe59950000 - 0x00007ffe599e9000 	C:\WINDOWS\System32\bcryptPrimitives.dll
0x00007ffe2d6c0000 - 0x00007ffe2d6e5000 	C:\Program Files\Java\zulu17.44.53-ca-jdk17.0.8.1-win_x64\bin\java.dll
0x00007ffe01060000 - 0x00007ffe01137000 	C:\Program Files\Java\zulu17.44.53-ca-jdk17.0.8.1-win_x64\bin\jsvml.dll
0x00007ffe5b060000 - 0x00007ffe5b7ad000 	C:\WINDOWS\System32\SHELL32.dll
0x00007ffe58f00000 - 0x00007ffe59073000 	C:\WINDOWS\System32\wintypes.dll
0x00007ffe56a90000 - 0x00007ffe572ef000 	C:\WINDOWS\SYSTEM32\windows.storage.dll
0x00007ffe5af60000 - 0x00007ffe5b055000 	C:\WINDOWS\System32\SHCORE.dll
0x00007ffe59c80000 - 0x00007ffe59cea000 	C:\WINDOWS\System32\shlwapi.dll
0x00007ffe58df0000 - 0x00007ffe58e19000 	C:\WINDOWS\SYSTEM32\profapi.dll
0x00007ffe32d40000 - 0x00007ffe32d59000 	C:\Program Files\Java\zulu17.44.53-ca-jdk17.0.8.1-win_x64\bin\net.dll
0x00007ffe49aa0000 - 0x00007ffe49bbe000 	C:\WINDOWS\SYSTEM32\WINHTTP.dll
0x00007ffe58300000 - 0x00007ffe5836b000 	C:\WINDOWS\system32\mswsock.dll
0x00007ffe31d40000 - 0x00007ffe31d56000 	C:\Program Files\Java\zulu17.44.53-ca-jdk17.0.8.1-win_x64\bin\nio.dll
0x00007ffe27a50000 - 0x00007ffe27a68000 	C:\Program Files\Java\zulu17.44.53-ca-jdk17.0.8.1-win_x64\bin\zip.dll
0x00007ffe2d6b0000 - 0x00007ffe2d6be000 	C:\Program Files\Java\zulu17.44.53-ca-jdk17.0.8.1-win_x64\bin\sunmscapi.dll
0x00007ffe597d0000 - 0x00007ffe59947000 	C:\WINDOWS\System32\CRYPT32.dll
0x00007ffe587e0000 - 0x00007ffe58810000 	C:\WINDOWS\SYSTEM32\ncrypt.dll
0x00007ffe58790000 - 0x00007ffe587cf000 	C:\WINDOWS\SYSTEM32\NTASN1.dll
0x00007ffe585c0000 - 0x00007ffe585db000 	C:\WINDOWS\SYSTEM32\CRYPTSP.dll
0x00007ffe57c20000 - 0x00007ffe57c5b000 	C:\WINDOWS\system32\rsaenh.dll
0x00007ffe583a0000 - 0x00007ffe583cb000 	C:\WINDOWS\SYSTEM32\USERENV.dll
0x00007ffe58dc0000 - 0x00007ffe58de6000 	C:\WINDOWS\SYSTEM32\bcrypt.dll
0x00007ffe585e0000 - 0x00007ffe585ec000 	C:\WINDOWS\SYSTEM32\CRYPTBASE.dll
0x00007ffe576f0000 - 0x00007ffe57723000 	C:\WINDOWS\SYSTEM32\IPHLPAPI.DLL
0x00007ffe5a330000 - 0x00007ffe5a33a000 	C:\WINDOWS\System32\NSI.dll
0x00007ffe4afa0000 - 0x00007ffe4afbf000 	C:\WINDOWS\SYSTEM32\dhcpcsvc6.DLL
0x00007ffe4af70000 - 0x00007ffe4af95000 	C:\WINDOWS\SYSTEM32\dhcpcsvc.DLL
0x00007ffe577e0000 - 0x00007ffe57906000 	C:\WINDOWS\SYSTEM32\DNSAPI.dll
0x00007ffe2a450000 - 0x00007ffe2a459000 	C:\Program Files\Java\zulu17.44.53-ca-jdk17.0.8.1-win_x64\bin\management.dll
0x00007ffe2a340000 - 0x00007ffe2a34b000 	C:\Program Files\Java\zulu17.44.53-ca-jdk17.0.8.1-win_x64\bin\management_ext.dll
0x00007ffe5aea0000 - 0x00007ffe5aea8000 	C:\WINDOWS\System32\PSAPI.DLL
0x00007ffe34080000 - 0x00007ffe34090000 	C:\Program Files\Java\zulu17.44.53-ca-jdk17.0.8.1-win_x64\bin\verify.dll
0x00007ffe48d00000 - 0x00007ffe48d0b000 	C:\Windows\System32\rasadhlp.dll
0x00007ffe4b080000 - 0x00007ffe4b106000 	C:\WINDOWS\System32\fwpuclnt.dll

dbghelp: loaded successfully - version: 4.0.5 - missing functions: none
symbol engine: initialized successfully - sym options: 0x614 - pdb path: .;C:\Program Files\Java\zulu17.44.53-ca-jdk17.0.8.1-win_x64\bin;C:\WINDOWS\SYSTEM32;C:\Program Files\Norton\Suite;C:\WINDOWS\WinSxS\amd64_microsoft.windows.common-controls_6595b64144ccf1df_6.0.26100.4768_none_3e0c112ce331287c;C:\Program Files\Java\zulu17.44.53-ca-jdk17.0.8.1-win_x64\bin\server

VM Arguments:
jvm_args: -XX:TieredStopAtLevel=1 
java_command: com.advocacia.AdvocaciaApiApplication
java_class_path (initial): C:\Danilo\projetos\escritorio_advocacia\advocacia-danilo-atualizado\backend\target\classes;C:\Users\pamel\.m2\repository\org\springframework\boot\spring-boot\3.2.3\spring-boot-3.2.3.jar;C:\Users\pamel\.m2\repository\org\springframework\boot\spring-boot-autoconfigure\3.2.3\spring-boot-autoconfigure-3.2.3.jar;C:\Users\pamel\.m2\repository\ch\qos\logback\logback-classic\1.4.14\logback-classic-1.4.14.jar;C:\Users\pamel\.m2\repository\ch\qos\logback\logback-core\1.4.14\logback-core-1.4.14.jar;C:\Users\pamel\.m2\repository\org\apache\logging\log4j\log4j-to-slf4j\2.21.1\log4j-to-slf4j-2.21.1.jar;C:\Users\pamel\.m2\repository\org\apache\logging\log4j\log4j-api\2.21.1\log4j-api-2.21.1.jar;C:\Users\pamel\.m2\repository\org\slf4j\jul-to-slf4j\2.0.12\jul-to-slf4j-2.0.12.jar;C:\Users\pamel\.m2\repository\jakarta\annotation\jakarta.annotation-api\2.1.1\jakarta.annotation-api-2.1.1.jar;C:\Users\pamel\.m2\repository\org\yaml\snakeyaml\2.2\snakeyaml-2.2.jar;C:\Users\pamel\.m2\repository\com\fasterxml\jackson\core\jackson-databind\2.15.4\jackson-databind-2.15.4.jar;C:\Users\pamel\.m2\repository\com\fasterxml\jackson\core\jackson-annotations\2.15.4\jackson-annotations-2.15.4.jar;C:\Users\pamel\.m2\repository\com\fasterxml\jackson\core\jackson-core\2.15.4\jackson-core-2.15.4.jar;C:\Users\pamel\.m2\repository\com\fasterxml\jackson\datatype\jackson-datatype-jdk8\2.15.4\jackson-datatype-jdk8-2.15.4.jar;C:\Users\pamel\.m2\repository\com\fasterxml\jackson\datatype\jackson-datatype-jsr310\2.15.4\jackson-datatype-jsr310-2.15.4.jar;C:\Users\pamel\.m2\repository\com\fasterxml\jackson\module\jackson-module-parameter-names\2.15.4\jackson-module-parameter-names-2.15.4.jar;C:\Users\pamel\.m2\repository\org\apache\tomcat\embed\tomcat-embed-core\10.1.19\tomcat-embed-core-10.1.19.jar;C:\Users\pamel\.m2\repository\org\apache\tomcat\embed\tomcat-embed-el\10.1.19\tomcat-embed-el-10.1.19.jar;C:\Users\pamel\.m2\repository\org\apache\tomcat\embed\tomcat-embed-websocket\10.1.19\t
Launcher Type: SUN_STANDARD

[Global flags]
     intx CICompilerCount                          = 3                                         {product} {ergonomic}
     uint ConcGCThreads                            = 1                                         {product} {ergonomic}
     uint G1ConcRefinementThreads                  = 4                                         {product} {ergonomic}
   size_t G1HeapRegionSize                         = 1048576                                   {product} {ergonomic}
    uintx GCDrainStackTargetSize                   = 64                                        {product} {ergonomic}
   size_t InitialHeapSize                          = 65011712                                  {product} {ergonomic}
   size_t MarkStackSize                            = 4194304                                   {product} {ergonomic}
   size_t MaxHeapSize                              = 1017118720                                {product} {ergonomic}
   size_t MaxNewSize                               = 610271232                                 {product} {ergonomic}
   size_t MinHeapDeltaBytes                        = 1048576                                   {product} {ergonomic}
   size_t MinHeapSize                              = 8388608                                   {product} {ergonomic}
    uintx NonProfiledCodeHeapSize                  = 0                                      {pd product} {ergonomic}
     bool ProfileInterpreter                       = false                                  {pd product} {command line}
    uintx ProfiledCodeHeapSize                     = 0                                      {pd product} {ergonomic}
   size_t SoftMaxHeapSize                          = 1017118720                             {manageable} {ergonomic}
     intx TieredStopAtLevel                        = 1                                         {product} {command line}
     bool UseCompressedClassPointers               = true                           {product lp64_product} {ergonomic}
     bool UseCompressedOops                        = true                           {product lp64_product} {ergonomic}
     bool UseG1GC                                  = true                                      {product} {ergonomic}
     bool UseLargePagesIndividualAllocation        = false                                  {pd product} {ergonomic}

Logging:
Log output configuration:
 #0: stdout all=warning uptime,level,tags
 #1: stderr all=off uptime,level,tags

Environment Variables:
JAVA_HOME=C:\Program Files\Java\zulu17.44.53-ca-jdk17.0.8.1-win_x64
PATH=C:\Program Files\Java\zulu17.44.53-ca-jdk17.0.8.1-win_x64\bin;C:\Program Files\Common Files\Oracle\Java\javapath;C:\Program Files (x86)\Common Files\Oracle\Java\javapath;C:\WINDOWS\system32;C:\WINDOWS;C:\WINDOWS\System32\Wbem;C:\WINDOWS\System32\WindowsPowerShell\v1.0\;C:\WINDOWS\System32\OpenSSH\;C:\Program Files\apache-maven-3.9.11\bin;C:\Program Files\nodejs\;C:\Program Files\Git\cmd;C:\Program Files\MySQL\MySQL Shell 8.0\bin\;C:\Users\pamel\AppData\Local\Microsoft\WindowsApps;C:\Users\pamel\AppData\Local\Programs\Microsoft VS Code\bin;C:\Users\pamel\AppData\Roaming\npm
USERNAME=pamel
OS=Windows_NT
PROCESSOR_IDENTIFIER=Intel64 Family 6 Model 140 Stepping 1, GenuineIntel
TMP=C:\Users\pamel\AppData\Local\Temp
TEMP=C:\Users\pamel\AppData\Local\Temp



---------------  S Y S T E M  ---------------

OS:
 Windows 11 , 64 bit Build 26100 (10.0.26100.4768)
OS uptime: 3 days 6:17 hours
Hyper-V role detected

CPU: total 4 (initial active 4) (2 cores per cpu, 2 threads per core) family 6 model 140 stepping 1 microcode 0x8a, cx8, cmov, fxsr, ht, mmx, 3dnowpref, sse, sse2, sse3, ssse3, sse4.1, sse4.2, popcnt, lzcnt, tsc, tscinvbit, avx, avx2, aes, erms, clmul, bmi1, bmi2, adx, avx512f, avx512dq, avx512cd, avx512bw, avx512vl, sha, fma, vzeroupper, avx512_vpopcntdq, avx512_vpclmulqdq, avx512_vaes, avx512_vnni, clflush, clflushopt, clwb, avx512_vbmi2, avx512_vbmi, hv
Processor Information for all 4 processors :
  Max Mhz: 2995, Current Mhz: 2995, Mhz Limit: 2995

Memory: 4k page, system-wide physical 3875M (260M free)
TotalPageFile size 15651M (AvailPageFile size 0M)
current process WorkingSet (physical memory assigned to process): 150M, peak: 160M
current process commit charge ("private bytes"): 204M, peak: 204M

vm_info: OpenJDK 64-Bit Server VM (17.0.8.1+1-LTS) for windows-amd64 JRE (17.0.8.1+1-LTS) (Zulu17.44+53-CA), built on Aug 23 2023 12:46:03 by "zulu_re" with MS VC++ 16.10 / 16.11 (VS2019)

END.
